ARM GAS  C:\Users\晚风\AppData\Local\Temp\cczicM0u.s 			page 1


   1              		.cpu cortex-m4
   2              		.arch armv7e-m
   3              		.fpu fpv4-sp-d16
   4              		.eabi_attribute 27, 1
   5              		.eabi_attribute 28, 1
   6              		.eabi_attribute 20, 1
   7              		.eabi_attribute 21, 1
   8              		.eabi_attribute 23, 3
   9              		.eabi_attribute 24, 1
  10              		.eabi_attribute 25, 1
  11              		.eabi_attribute 26, 1
  12              		.eabi_attribute 30, 1
  13              		.eabi_attribute 34, 1
  14              		.eabi_attribute 18, 4
  15              		.file	"adc.c"
  16              		.text
  17              	.Ltext0:
  18              		.cfi_sections	.debug_frame
  19              		.file 1 "Core/Src/adc.c"
  20              		.section	.text.MX_ADC3_Init,"ax",%progbits
  21              		.align	1
  22              		.global	MX_ADC3_Init
  23              		.syntax unified
  24              		.thumb
  25              		.thumb_func
  27              	MX_ADC3_Init:
  28              	.LFB239:
   1:Core/Src/adc.c **** /* USER CODE BEGIN Header */
   2:Core/Src/adc.c **** /**
   3:Core/Src/adc.c ****   ******************************************************************************
   4:Core/Src/adc.c ****   * @file    adc.c
   5:Core/Src/adc.c ****   * @brief   This file provides code for the configuration
   6:Core/Src/adc.c ****   *          of the ADC instances.
   7:Core/Src/adc.c ****   ******************************************************************************
   8:Core/Src/adc.c ****   * @attention
   9:Core/Src/adc.c ****   *
  10:Core/Src/adc.c ****   * Copyright (c) 2024 STMicroelectronics.
  11:Core/Src/adc.c ****   * All rights reserved.
  12:Core/Src/adc.c ****   *
  13:Core/Src/adc.c ****   * This software is licensed under terms that can be found in the LICENSE file
  14:Core/Src/adc.c ****   * in the root directory of this software component.
  15:Core/Src/adc.c ****   * If no LICENSE file comes with this software, it is provided AS-IS.
  16:Core/Src/adc.c ****   *
  17:Core/Src/adc.c ****   ******************************************************************************
  18:Core/Src/adc.c ****   */
  19:Core/Src/adc.c **** /* USER CODE END Header */
  20:Core/Src/adc.c **** /* Includes ------------------------------------------------------------------*/
  21:Core/Src/adc.c **** #include "adc.h"
  22:Core/Src/adc.c **** 
  23:Core/Src/adc.c **** /* USER CODE BEGIN 0 */
  24:Core/Src/adc.c **** 
  25:Core/Src/adc.c **** /* USER CODE END 0 */
  26:Core/Src/adc.c **** 
  27:Core/Src/adc.c **** ADC_HandleTypeDef hadc3;
  28:Core/Src/adc.c **** DMA_HandleTypeDef hdma_adc3;
  29:Core/Src/adc.c **** 
  30:Core/Src/adc.c **** /* ADC3 init function */
ARM GAS  C:\Users\晚风\AppData\Local\Temp\cczicM0u.s 			page 2


  31:Core/Src/adc.c **** void MX_ADC3_Init(void)
  32:Core/Src/adc.c **** {
  29              		.loc 1 32 1 view -0
  30              		.cfi_startproc
  31              		@ args = 0, pretend = 0, frame = 16
  32              		@ frame_needed = 0, uses_anonymous_args = 0
  33 0000 00B5     		push	{lr}
  34              	.LCFI0:
  35              		.cfi_def_cfa_offset 4
  36              		.cfi_offset 14, -4
  37 0002 85B0     		sub	sp, sp, #20
  38              	.LCFI1:
  39              		.cfi_def_cfa_offset 24
  33:Core/Src/adc.c **** 
  34:Core/Src/adc.c ****   /* USER CODE BEGIN ADC3_Init 0 */
  35:Core/Src/adc.c **** 
  36:Core/Src/adc.c ****   /* USER CODE END ADC3_Init 0 */
  37:Core/Src/adc.c **** 
  38:Core/Src/adc.c ****   ADC_ChannelConfTypeDef sConfig = {0};
  40              		.loc 1 38 3 view .LVU1
  41              		.loc 1 38 26 is_stmt 0 view .LVU2
  42 0004 0023     		movs	r3, #0
  43 0006 0093     		str	r3, [sp]
  44 0008 0193     		str	r3, [sp, #4]
  45 000a 0293     		str	r3, [sp, #8]
  46 000c 0393     		str	r3, [sp, #12]
  39:Core/Src/adc.c **** 
  40:Core/Src/adc.c ****   /* USER CODE BEGIN ADC3_Init 1 */
  41:Core/Src/adc.c **** 
  42:Core/Src/adc.c ****   /* USER CODE END ADC3_Init 1 */
  43:Core/Src/adc.c **** 
  44:Core/Src/adc.c ****   /** Configure the global features of the ADC (Clock, Resolution, Data Alignment and number of con
  45:Core/Src/adc.c ****   */
  46:Core/Src/adc.c ****   hadc3.Instance = ADC3;
  47              		.loc 1 46 3 is_stmt 1 view .LVU3
  48              		.loc 1 46 18 is_stmt 0 view .LVU4
  49 000e 1548     		ldr	r0, .L7
  50 0010 154A     		ldr	r2, .L7+4
  51 0012 0260     		str	r2, [r0]
  47:Core/Src/adc.c ****   hadc3.Init.ClockPrescaler = ADC_CLOCK_SYNC_PCLK_DIV4;
  52              		.loc 1 47 3 is_stmt 1 view .LVU5
  53              		.loc 1 47 29 is_stmt 0 view .LVU6
  54 0014 4FF48032 		mov	r2, #65536
  55 0018 4260     		str	r2, [r0, #4]
  48:Core/Src/adc.c ****   hadc3.Init.Resolution = ADC_RESOLUTION_12B;
  56              		.loc 1 48 3 is_stmt 1 view .LVU7
  57              		.loc 1 48 25 is_stmt 0 view .LVU8
  58 001a 8360     		str	r3, [r0, #8]
  49:Core/Src/adc.c ****   hadc3.Init.ScanConvMode = DISABLE;
  59              		.loc 1 49 3 is_stmt 1 view .LVU9
  60              		.loc 1 49 27 is_stmt 0 view .LVU10
  61 001c 0361     		str	r3, [r0, #16]
  50:Core/Src/adc.c ****   hadc3.Init.ContinuousConvMode = ENABLE;
  62              		.loc 1 50 3 is_stmt 1 view .LVU11
  63              		.loc 1 50 33 is_stmt 0 view .LVU12
  64 001e 0122     		movs	r2, #1
  65 0020 0276     		strb	r2, [r0, #24]
ARM GAS  C:\Users\晚风\AppData\Local\Temp\cczicM0u.s 			page 3


  51:Core/Src/adc.c ****   hadc3.Init.DiscontinuousConvMode = DISABLE;
  66              		.loc 1 51 3 is_stmt 1 view .LVU13
  67              		.loc 1 51 36 is_stmt 0 view .LVU14
  68 0022 80F82030 		strb	r3, [r0, #32]
  52:Core/Src/adc.c ****   hadc3.Init.ExternalTrigConvEdge = ADC_EXTERNALTRIGCONVEDGE_NONE;
  69              		.loc 1 52 3 is_stmt 1 view .LVU15
  70              		.loc 1 52 35 is_stmt 0 view .LVU16
  71 0026 C362     		str	r3, [r0, #44]
  53:Core/Src/adc.c ****   hadc3.Init.ExternalTrigConv = ADC_SOFTWARE_START;
  72              		.loc 1 53 3 is_stmt 1 view .LVU17
  73              		.loc 1 53 31 is_stmt 0 view .LVU18
  74 0028 1049     		ldr	r1, .L7+8
  75 002a 8162     		str	r1, [r0, #40]
  54:Core/Src/adc.c ****   hadc3.Init.DataAlign = ADC_DATAALIGN_RIGHT;
  76              		.loc 1 54 3 is_stmt 1 view .LVU19
  77              		.loc 1 54 24 is_stmt 0 view .LVU20
  78 002c C360     		str	r3, [r0, #12]
  55:Core/Src/adc.c ****   hadc3.Init.NbrOfConversion = 1;
  79              		.loc 1 55 3 is_stmt 1 view .LVU21
  80              		.loc 1 55 30 is_stmt 0 view .LVU22
  81 002e C261     		str	r2, [r0, #28]
  56:Core/Src/adc.c ****   hadc3.Init.DMAContinuousRequests = ENABLE;
  82              		.loc 1 56 3 is_stmt 1 view .LVU23
  83              		.loc 1 56 36 is_stmt 0 view .LVU24
  84 0030 80F83020 		strb	r2, [r0, #48]
  57:Core/Src/adc.c ****   hadc3.Init.EOCSelection = ADC_EOC_SINGLE_CONV;
  85              		.loc 1 57 3 is_stmt 1 view .LVU25
  86              		.loc 1 57 27 is_stmt 0 view .LVU26
  87 0034 4261     		str	r2, [r0, #20]
  58:Core/Src/adc.c ****   if (HAL_ADC_Init(&hadc3) != HAL_OK)
  88              		.loc 1 58 3 is_stmt 1 view .LVU27
  89              		.loc 1 58 7 is_stmt 0 view .LVU28
  90 0036 FFF7FEFF 		bl	HAL_ADC_Init
  91              	.LVL0:
  92              		.loc 1 58 6 discriminator 1 view .LVU29
  93 003a 68B9     		cbnz	r0, .L5
  94              	.L2:
  59:Core/Src/adc.c ****   {
  60:Core/Src/adc.c ****     Error_Handler();
  61:Core/Src/adc.c ****   }
  62:Core/Src/adc.c **** 
  63:Core/Src/adc.c ****   /** Configure for the selected ADC regular channel its corresponding rank in the sequencer and it
  64:Core/Src/adc.c ****   */
  65:Core/Src/adc.c ****   sConfig.Channel = ADC_CHANNEL_8;
  95              		.loc 1 65 3 is_stmt 1 view .LVU30
  96              		.loc 1 65 19 is_stmt 0 view .LVU31
  97 003c 0823     		movs	r3, #8
  98 003e 0093     		str	r3, [sp]
  66:Core/Src/adc.c ****   sConfig.Rank = 1;
  99              		.loc 1 66 3 is_stmt 1 view .LVU32
 100              		.loc 1 66 16 is_stmt 0 view .LVU33
 101 0040 0123     		movs	r3, #1
 102 0042 0193     		str	r3, [sp, #4]
  67:Core/Src/adc.c ****   sConfig.SamplingTime = ADC_SAMPLETIME_480CYCLES;
 103              		.loc 1 67 3 is_stmt 1 view .LVU34
 104              		.loc 1 67 24 is_stmt 0 view .LVU35
 105 0044 0723     		movs	r3, #7
ARM GAS  C:\Users\晚风\AppData\Local\Temp\cczicM0u.s 			page 4


 106 0046 0293     		str	r3, [sp, #8]
  68:Core/Src/adc.c ****   if (HAL_ADC_ConfigChannel(&hadc3, &sConfig) != HAL_OK)
 107              		.loc 1 68 3 is_stmt 1 view .LVU36
 108              		.loc 1 68 7 is_stmt 0 view .LVU37
 109 0048 6946     		mov	r1, sp
 110 004a 0648     		ldr	r0, .L7
 111 004c FFF7FEFF 		bl	HAL_ADC_ConfigChannel
 112              	.LVL1:
 113              		.loc 1 68 6 discriminator 1 view .LVU38
 114 0050 28B9     		cbnz	r0, .L6
 115              	.L1:
  69:Core/Src/adc.c ****   {
  70:Core/Src/adc.c ****     Error_Handler();
  71:Core/Src/adc.c ****   }
  72:Core/Src/adc.c ****   /* USER CODE BEGIN ADC3_Init 2 */
  73:Core/Src/adc.c **** 
  74:Core/Src/adc.c ****   /* USER CODE END ADC3_Init 2 */
  75:Core/Src/adc.c **** 
  76:Core/Src/adc.c **** }
 116              		.loc 1 76 1 view .LVU39
 117 0052 05B0     		add	sp, sp, #20
 118              	.LCFI2:
 119              		.cfi_remember_state
 120              		.cfi_def_cfa_offset 4
 121              		@ sp needed
 122 0054 5DF804FB 		ldr	pc, [sp], #4
 123              	.L5:
 124              	.LCFI3:
 125              		.cfi_restore_state
  60:Core/Src/adc.c ****   }
 126              		.loc 1 60 5 is_stmt 1 view .LVU40
 127 0058 FFF7FEFF 		bl	Error_Handler
 128              	.LVL2:
 129 005c EEE7     		b	.L2
 130              	.L6:
  70:Core/Src/adc.c ****   }
 131              		.loc 1 70 5 view .LVU41
 132 005e FFF7FEFF 		bl	Error_Handler
 133              	.LVL3:
 134              		.loc 1 76 1 is_stmt 0 view .LVU42
 135 0062 F6E7     		b	.L1
 136              	.L8:
 137              		.align	2
 138              	.L7:
 139 0064 00000000 		.word	hadc3
 140 0068 00220140 		.word	1073816064
 141 006c 0100000F 		.word	251658241
 142              		.cfi_endproc
 143              	.LFE239:
 145              		.section	.text.HAL_ADC_MspInit,"ax",%progbits
 146              		.align	1
 147              		.global	HAL_ADC_MspInit
 148              		.syntax unified
 149              		.thumb
 150              		.thumb_func
 152              	HAL_ADC_MspInit:
 153              	.LVL4:
ARM GAS  C:\Users\晚风\AppData\Local\Temp\cczicM0u.s 			page 5


 154              	.LFB240:
  77:Core/Src/adc.c **** 
  78:Core/Src/adc.c **** void HAL_ADC_MspInit(ADC_HandleTypeDef* adcHandle)
  79:Core/Src/adc.c **** {
 155              		.loc 1 79 1 is_stmt 1 view -0
 156              		.cfi_startproc
 157              		@ args = 0, pretend = 0, frame = 32
 158              		@ frame_needed = 0, uses_anonymous_args = 0
 159              		.loc 1 79 1 is_stmt 0 view .LVU44
 160 0000 70B5     		push	{r4, r5, r6, lr}
 161              	.LCFI4:
 162              		.cfi_def_cfa_offset 16
 163              		.cfi_offset 4, -16
 164              		.cfi_offset 5, -12
 165              		.cfi_offset 6, -8
 166              		.cfi_offset 14, -4
 167 0002 88B0     		sub	sp, sp, #32
 168              	.LCFI5:
 169              		.cfi_def_cfa_offset 48
  80:Core/Src/adc.c **** 
  81:Core/Src/adc.c ****   GPIO_InitTypeDef GPIO_InitStruct = {0};
 170              		.loc 1 81 3 is_stmt 1 view .LVU45
 171              		.loc 1 81 20 is_stmt 0 view .LVU46
 172 0004 0023     		movs	r3, #0
 173 0006 0393     		str	r3, [sp, #12]
 174 0008 0493     		str	r3, [sp, #16]
 175 000a 0593     		str	r3, [sp, #20]
 176 000c 0693     		str	r3, [sp, #24]
 177 000e 0793     		str	r3, [sp, #28]
  82:Core/Src/adc.c ****   if(adcHandle->Instance==ADC3)
 178              		.loc 1 82 3 is_stmt 1 view .LVU47
 179              		.loc 1 82 15 is_stmt 0 view .LVU48
 180 0010 0268     		ldr	r2, [r0]
 181              		.loc 1 82 5 view .LVU49
 182 0012 224B     		ldr	r3, .L15
 183 0014 9A42     		cmp	r2, r3
 184 0016 01D0     		beq	.L13
 185              	.LVL5:
 186              	.L9:
  83:Core/Src/adc.c ****   {
  84:Core/Src/adc.c ****   /* USER CODE BEGIN ADC3_MspInit 0 */
  85:Core/Src/adc.c **** 
  86:Core/Src/adc.c ****   /* USER CODE END ADC3_MspInit 0 */
  87:Core/Src/adc.c ****     /* ADC3 clock enable */
  88:Core/Src/adc.c ****     __HAL_RCC_ADC3_CLK_ENABLE();
  89:Core/Src/adc.c **** 
  90:Core/Src/adc.c ****     __HAL_RCC_GPIOF_CLK_ENABLE();
  91:Core/Src/adc.c ****     /**ADC3 GPIO Configuration
  92:Core/Src/adc.c ****     PF10     ------> ADC3_IN8
  93:Core/Src/adc.c ****     */
  94:Core/Src/adc.c ****     GPIO_InitStruct.Pin = GPIO_PIN_10;
  95:Core/Src/adc.c ****     GPIO_InitStruct.Mode = GPIO_MODE_ANALOG;
  96:Core/Src/adc.c ****     GPIO_InitStruct.Pull = GPIO_NOPULL;
  97:Core/Src/adc.c ****     HAL_GPIO_Init(GPIOF, &GPIO_InitStruct);
  98:Core/Src/adc.c **** 
  99:Core/Src/adc.c ****     /* ADC3 DMA Init */
 100:Core/Src/adc.c ****     /* ADC3 Init */
ARM GAS  C:\Users\晚风\AppData\Local\Temp\cczicM0u.s 			page 6


 101:Core/Src/adc.c ****     hdma_adc3.Instance = DMA2_Stream0;
 102:Core/Src/adc.c ****     hdma_adc3.Init.Channel = DMA_CHANNEL_2;
 103:Core/Src/adc.c ****     hdma_adc3.Init.Direction = DMA_PERIPH_TO_MEMORY;
 104:Core/Src/adc.c ****     hdma_adc3.Init.PeriphInc = DMA_PINC_DISABLE;
 105:Core/Src/adc.c ****     hdma_adc3.Init.MemInc = DMA_MINC_ENABLE;
 106:Core/Src/adc.c ****     hdma_adc3.Init.PeriphDataAlignment = DMA_PDATAALIGN_HALFWORD;
 107:Core/Src/adc.c ****     hdma_adc3.Init.MemDataAlignment = DMA_MDATAALIGN_HALFWORD;
 108:Core/Src/adc.c ****     hdma_adc3.Init.Mode = DMA_NORMAL;
 109:Core/Src/adc.c ****     hdma_adc3.Init.Priority = DMA_PRIORITY_MEDIUM;
 110:Core/Src/adc.c ****     hdma_adc3.Init.FIFOMode = DMA_FIFOMODE_DISABLE;
 111:Core/Src/adc.c ****     if (HAL_DMA_Init(&hdma_adc3) != HAL_OK)
 112:Core/Src/adc.c ****     {
 113:Core/Src/adc.c ****       Error_Handler();
 114:Core/Src/adc.c ****     }
 115:Core/Src/adc.c **** 
 116:Core/Src/adc.c ****     __HAL_LINKDMA(adcHandle,DMA_Handle,hdma_adc3);
 117:Core/Src/adc.c **** 
 118:Core/Src/adc.c ****   /* USER CODE BEGIN ADC3_MspInit 1 */
 119:Core/Src/adc.c **** 
 120:Core/Src/adc.c ****   /* USER CODE END ADC3_MspInit 1 */
 121:Core/Src/adc.c ****   }
 122:Core/Src/adc.c **** }
 187              		.loc 1 122 1 view .LVU50
 188 0018 08B0     		add	sp, sp, #32
 189              	.LCFI6:
 190              		.cfi_remember_state
 191              		.cfi_def_cfa_offset 16
 192              		@ sp needed
 193 001a 70BD     		pop	{r4, r5, r6, pc}
 194              	.LVL6:
 195              	.L13:
 196              	.LCFI7:
 197              		.cfi_restore_state
 198              		.loc 1 122 1 view .LVU51
 199 001c 0446     		mov	r4, r0
  88:Core/Src/adc.c **** 
 200              		.loc 1 88 5 is_stmt 1 view .LVU52
 201              	.LBB2:
  88:Core/Src/adc.c **** 
 202              		.loc 1 88 5 view .LVU53
 203 001e 0025     		movs	r5, #0
 204 0020 0195     		str	r5, [sp, #4]
  88:Core/Src/adc.c **** 
 205              		.loc 1 88 5 view .LVU54
 206 0022 03F58B33 		add	r3, r3, #71168
 207 0026 5A6C     		ldr	r2, [r3, #68]
 208 0028 42F48062 		orr	r2, r2, #1024
 209 002c 5A64     		str	r2, [r3, #68]
  88:Core/Src/adc.c **** 
 210              		.loc 1 88 5 view .LVU55
 211 002e 5A6C     		ldr	r2, [r3, #68]
 212 0030 02F48062 		and	r2, r2, #1024
 213 0034 0192     		str	r2, [sp, #4]
  88:Core/Src/adc.c **** 
 214              		.loc 1 88 5 view .LVU56
 215 0036 019A     		ldr	r2, [sp, #4]
 216              	.LBE2:
ARM GAS  C:\Users\晚风\AppData\Local\Temp\cczicM0u.s 			page 7


  88:Core/Src/adc.c **** 
 217              		.loc 1 88 5 view .LVU57
  90:Core/Src/adc.c ****     /**ADC3 GPIO Configuration
 218              		.loc 1 90 5 view .LVU58
 219              	.LBB3:
  90:Core/Src/adc.c ****     /**ADC3 GPIO Configuration
 220              		.loc 1 90 5 view .LVU59
 221 0038 0295     		str	r5, [sp, #8]
  90:Core/Src/adc.c ****     /**ADC3 GPIO Configuration
 222              		.loc 1 90 5 view .LVU60
 223 003a 1A6B     		ldr	r2, [r3, #48]
 224 003c 42F02002 		orr	r2, r2, #32
 225 0040 1A63     		str	r2, [r3, #48]
  90:Core/Src/adc.c ****     /**ADC3 GPIO Configuration
 226              		.loc 1 90 5 view .LVU61
 227 0042 1B6B     		ldr	r3, [r3, #48]
 228 0044 03F02003 		and	r3, r3, #32
 229 0048 0293     		str	r3, [sp, #8]
  90:Core/Src/adc.c ****     /**ADC3 GPIO Configuration
 230              		.loc 1 90 5 view .LVU62
 231 004a 029B     		ldr	r3, [sp, #8]
 232              	.LBE3:
  90:Core/Src/adc.c ****     /**ADC3 GPIO Configuration
 233              		.loc 1 90 5 view .LVU63
  94:Core/Src/adc.c ****     GPIO_InitStruct.Mode = GPIO_MODE_ANALOG;
 234              		.loc 1 94 5 view .LVU64
  94:Core/Src/adc.c ****     GPIO_InitStruct.Mode = GPIO_MODE_ANALOG;
 235              		.loc 1 94 25 is_stmt 0 view .LVU65
 236 004c 4FF48066 		mov	r6, #1024
 237 0050 0396     		str	r6, [sp, #12]
  95:Core/Src/adc.c ****     GPIO_InitStruct.Pull = GPIO_NOPULL;
 238              		.loc 1 95 5 is_stmt 1 view .LVU66
  95:Core/Src/adc.c ****     GPIO_InitStruct.Pull = GPIO_NOPULL;
 239              		.loc 1 95 26 is_stmt 0 view .LVU67
 240 0052 0323     		movs	r3, #3
 241 0054 0493     		str	r3, [sp, #16]
  96:Core/Src/adc.c ****     HAL_GPIO_Init(GPIOF, &GPIO_InitStruct);
 242              		.loc 1 96 5 is_stmt 1 view .LVU68
  97:Core/Src/adc.c **** 
 243              		.loc 1 97 5 view .LVU69
 244 0056 03A9     		add	r1, sp, #12
 245 0058 1148     		ldr	r0, .L15+4
 246              	.LVL7:
  97:Core/Src/adc.c **** 
 247              		.loc 1 97 5 is_stmt 0 view .LVU70
 248 005a FFF7FEFF 		bl	HAL_GPIO_Init
 249              	.LVL8:
 101:Core/Src/adc.c ****     hdma_adc3.Init.Channel = DMA_CHANNEL_2;
 250              		.loc 1 101 5 is_stmt 1 view .LVU71
 101:Core/Src/adc.c ****     hdma_adc3.Init.Channel = DMA_CHANNEL_2;
 251              		.loc 1 101 24 is_stmt 0 view .LVU72
 252 005e 1148     		ldr	r0, .L15+8
 253 0060 114B     		ldr	r3, .L15+12
 254 0062 0360     		str	r3, [r0]
 102:Core/Src/adc.c ****     hdma_adc3.Init.Direction = DMA_PERIPH_TO_MEMORY;
 255              		.loc 1 102 5 is_stmt 1 view .LVU73
 102:Core/Src/adc.c ****     hdma_adc3.Init.Direction = DMA_PERIPH_TO_MEMORY;
ARM GAS  C:\Users\晚风\AppData\Local\Temp\cczicM0u.s 			page 8


 256              		.loc 1 102 28 is_stmt 0 view .LVU74
 257 0064 4FF08063 		mov	r3, #67108864
 258 0068 4360     		str	r3, [r0, #4]
 103:Core/Src/adc.c ****     hdma_adc3.Init.PeriphInc = DMA_PINC_DISABLE;
 259              		.loc 1 103 5 is_stmt 1 view .LVU75
 103:Core/Src/adc.c ****     hdma_adc3.Init.PeriphInc = DMA_PINC_DISABLE;
 260              		.loc 1 103 30 is_stmt 0 view .LVU76
 261 006a 8560     		str	r5, [r0, #8]
 104:Core/Src/adc.c ****     hdma_adc3.Init.MemInc = DMA_MINC_ENABLE;
 262              		.loc 1 104 5 is_stmt 1 view .LVU77
 104:Core/Src/adc.c ****     hdma_adc3.Init.MemInc = DMA_MINC_ENABLE;
 263              		.loc 1 104 30 is_stmt 0 view .LVU78
 264 006c C560     		str	r5, [r0, #12]
 105:Core/Src/adc.c ****     hdma_adc3.Init.PeriphDataAlignment = DMA_PDATAALIGN_HALFWORD;
 265              		.loc 1 105 5 is_stmt 1 view .LVU79
 105:Core/Src/adc.c ****     hdma_adc3.Init.PeriphDataAlignment = DMA_PDATAALIGN_HALFWORD;
 266              		.loc 1 105 27 is_stmt 0 view .LVU80
 267 006e 0661     		str	r6, [r0, #16]
 106:Core/Src/adc.c ****     hdma_adc3.Init.MemDataAlignment = DMA_MDATAALIGN_HALFWORD;
 268              		.loc 1 106 5 is_stmt 1 view .LVU81
 106:Core/Src/adc.c ****     hdma_adc3.Init.MemDataAlignment = DMA_MDATAALIGN_HALFWORD;
 269              		.loc 1 106 40 is_stmt 0 view .LVU82
 270 0070 4FF40063 		mov	r3, #2048
 271 0074 4361     		str	r3, [r0, #20]
 107:Core/Src/adc.c ****     hdma_adc3.Init.Mode = DMA_NORMAL;
 272              		.loc 1 107 5 is_stmt 1 view .LVU83
 107:Core/Src/adc.c ****     hdma_adc3.Init.Mode = DMA_NORMAL;
 273              		.loc 1 107 37 is_stmt 0 view .LVU84
 274 0076 4FF40053 		mov	r3, #8192
 275 007a 8361     		str	r3, [r0, #24]
 108:Core/Src/adc.c ****     hdma_adc3.Init.Priority = DMA_PRIORITY_MEDIUM;
 276              		.loc 1 108 5 is_stmt 1 view .LVU85
 108:Core/Src/adc.c ****     hdma_adc3.Init.Priority = DMA_PRIORITY_MEDIUM;
 277              		.loc 1 108 25 is_stmt 0 view .LVU86
 278 007c C561     		str	r5, [r0, #28]
 109:Core/Src/adc.c ****     hdma_adc3.Init.FIFOMode = DMA_FIFOMODE_DISABLE;
 279              		.loc 1 109 5 is_stmt 1 view .LVU87
 109:Core/Src/adc.c ****     hdma_adc3.Init.FIFOMode = DMA_FIFOMODE_DISABLE;
 280              		.loc 1 109 29 is_stmt 0 view .LVU88
 281 007e 4FF48033 		mov	r3, #65536
 282 0082 0362     		str	r3, [r0, #32]
 110:Core/Src/adc.c ****     if (HAL_DMA_Init(&hdma_adc3) != HAL_OK)
 283              		.loc 1 110 5 is_stmt 1 view .LVU89
 110:Core/Src/adc.c ****     if (HAL_DMA_Init(&hdma_adc3) != HAL_OK)
 284              		.loc 1 110 29 is_stmt 0 view .LVU90
 285 0084 4562     		str	r5, [r0, #36]
 111:Core/Src/adc.c ****     {
 286              		.loc 1 111 5 is_stmt 1 view .LVU91
 111:Core/Src/adc.c ****     {
 287              		.loc 1 111 9 is_stmt 0 view .LVU92
 288 0086 FFF7FEFF 		bl	HAL_DMA_Init
 289              	.LVL9:
 111:Core/Src/adc.c ****     {
 290              		.loc 1 111 8 discriminator 1 view .LVU93
 291 008a 18B9     		cbnz	r0, .L14
 292              	.L11:
 116:Core/Src/adc.c **** 
ARM GAS  C:\Users\晚风\AppData\Local\Temp\cczicM0u.s 			page 9


 293              		.loc 1 116 5 is_stmt 1 view .LVU94
 116:Core/Src/adc.c **** 
 294              		.loc 1 116 5 view .LVU95
 295 008c 054B     		ldr	r3, .L15+8
 296 008e A363     		str	r3, [r4, #56]
 116:Core/Src/adc.c **** 
 297              		.loc 1 116 5 view .LVU96
 298 0090 9C63     		str	r4, [r3, #56]
 116:Core/Src/adc.c **** 
 299              		.loc 1 116 5 discriminator 1 view .LVU97
 300              		.loc 1 122 1 is_stmt 0 view .LVU98
 301 0092 C1E7     		b	.L9
 302              	.L14:
 113:Core/Src/adc.c ****     }
 303              		.loc 1 113 7 is_stmt 1 view .LVU99
 304 0094 FFF7FEFF 		bl	Error_Handler
 305              	.LVL10:
 306 0098 F8E7     		b	.L11
 307              	.L16:
 308 009a 00BF     		.align	2
 309              	.L15:
 310 009c 00220140 		.word	1073816064
 311 00a0 00140240 		.word	1073878016
 312 00a4 00000000 		.word	hdma_adc3
 313 00a8 10640240 		.word	1073898512
 314              		.cfi_endproc
 315              	.LFE240:
 317              		.section	.text.HAL_ADC_MspDeInit,"ax",%progbits
 318              		.align	1
 319              		.global	HAL_ADC_MspDeInit
 320              		.syntax unified
 321              		.thumb
 322              		.thumb_func
 324              	HAL_ADC_MspDeInit:
 325              	.LVL11:
 326              	.LFB241:
 123:Core/Src/adc.c **** 
 124:Core/Src/adc.c **** void HAL_ADC_MspDeInit(ADC_HandleTypeDef* adcHandle)
 125:Core/Src/adc.c **** {
 327              		.loc 1 125 1 view -0
 328              		.cfi_startproc
 329              		@ args = 0, pretend = 0, frame = 0
 330              		@ frame_needed = 0, uses_anonymous_args = 0
 126:Core/Src/adc.c **** 
 127:Core/Src/adc.c ****   if(adcHandle->Instance==ADC3)
 331              		.loc 1 127 3 view .LVU101
 332              		.loc 1 127 15 is_stmt 0 view .LVU102
 333 0000 0268     		ldr	r2, [r0]
 334              		.loc 1 127 5 view .LVU103
 335 0002 0A4B     		ldr	r3, .L24
 336 0004 9A42     		cmp	r2, r3
 337 0006 00D0     		beq	.L23
 338 0008 7047     		bx	lr
 339              	.L23:
 125:Core/Src/adc.c **** 
 340              		.loc 1 125 1 view .LVU104
 341 000a 10B5     		push	{r4, lr}
ARM GAS  C:\Users\晚风\AppData\Local\Temp\cczicM0u.s 			page 10


 342              	.LCFI8:
 343              		.cfi_def_cfa_offset 8
 344              		.cfi_offset 4, -8
 345              		.cfi_offset 14, -4
 346 000c 0446     		mov	r4, r0
 128:Core/Src/adc.c ****   {
 129:Core/Src/adc.c ****   /* USER CODE BEGIN ADC3_MspDeInit 0 */
 130:Core/Src/adc.c **** 
 131:Core/Src/adc.c ****   /* USER CODE END ADC3_MspDeInit 0 */
 132:Core/Src/adc.c ****     /* Peripheral clock disable */
 133:Core/Src/adc.c ****     __HAL_RCC_ADC3_CLK_DISABLE();
 347              		.loc 1 133 5 is_stmt 1 view .LVU105
 348 000e 084A     		ldr	r2, .L24+4
 349 0010 536C     		ldr	r3, [r2, #68]
 350 0012 23F48063 		bic	r3, r3, #1024
 351 0016 5364     		str	r3, [r2, #68]
 134:Core/Src/adc.c **** 
 135:Core/Src/adc.c ****     /**ADC3 GPIO Configuration
 136:Core/Src/adc.c ****     PF10     ------> ADC3_IN8
 137:Core/Src/adc.c ****     */
 138:Core/Src/adc.c ****     HAL_GPIO_DeInit(GPIOF, GPIO_PIN_10);
 352              		.loc 1 138 5 view .LVU106
 353 0018 4FF48061 		mov	r1, #1024
 354 001c 0548     		ldr	r0, .L24+8
 355              	.LVL12:
 356              		.loc 1 138 5 is_stmt 0 view .LVU107
 357 001e FFF7FEFF 		bl	HAL_GPIO_DeInit
 358              	.LVL13:
 139:Core/Src/adc.c **** 
 140:Core/Src/adc.c ****     /* ADC3 DMA DeInit */
 141:Core/Src/adc.c ****     HAL_DMA_DeInit(adcHandle->DMA_Handle);
 359              		.loc 1 141 5 is_stmt 1 view .LVU108
 360 0022 A06B     		ldr	r0, [r4, #56]
 361 0024 FFF7FEFF 		bl	HAL_DMA_DeInit
 362              	.LVL14:
 142:Core/Src/adc.c ****   /* USER CODE BEGIN ADC3_MspDeInit 1 */
 143:Core/Src/adc.c **** 
 144:Core/Src/adc.c ****   /* USER CODE END ADC3_MspDeInit 1 */
 145:Core/Src/adc.c ****   }
 146:Core/Src/adc.c **** }
 363              		.loc 1 146 1 is_stmt 0 view .LVU109
 364 0028 10BD     		pop	{r4, pc}
 365              	.LVL15:
 366              	.L25:
 367              		.loc 1 146 1 view .LVU110
 368 002a 00BF     		.align	2
 369              	.L24:
 370 002c 00220140 		.word	1073816064
 371 0030 00380240 		.word	1073887232
 372 0034 00140240 		.word	1073878016
 373              		.cfi_endproc
 374              	.LFE241:
 376              		.global	hdma_adc3
 377              		.section	.bss.hdma_adc3,"aw",%nobits
 378              		.align	2
 381              	hdma_adc3:
 382 0000 00000000 		.space	96
ARM GAS  C:\Users\晚风\AppData\Local\Temp\cczicM0u.s 			page 11


 382      00000000 
 382      00000000 
 382      00000000 
 382      00000000 
 383              		.global	hadc3
 384              		.section	.bss.hadc3,"aw",%nobits
 385              		.align	2
 388              	hadc3:
 389 0000 00000000 		.space	72
 389      00000000 
 389      00000000 
 389      00000000 
 389      00000000 
 390              		.text
 391              	.Letext0:
 392              		.file 2 "D:/Applications/arm-gnu-toolchain-13.2.Rel1-mingw-w64-i686-arm-none-eabi/arm-none-eabi/in
 393              		.file 3 "D:/Applications/arm-gnu-toolchain-13.2.Rel1-mingw-w64-i686-arm-none-eabi/arm-none-eabi/in
 394              		.file 4 "Drivers/CMSIS/Device/ST/STM32F4xx/Include/stm32f407xx.h"
 395              		.file 5 "Drivers/CMSIS/Device/ST/STM32F4xx/Include/stm32f4xx.h"
 396              		.file 6 "Drivers/STM32F4xx_HAL_Driver/Inc/stm32f4xx_hal_def.h"
 397              		.file 7 "Drivers/STM32F4xx_HAL_Driver/Inc/stm32f4xx_hal_gpio.h"
 398              		.file 8 "Drivers/STM32F4xx_HAL_Driver/Inc/stm32f4xx_hal_dma.h"
 399              		.file 9 "Drivers/STM32F4xx_HAL_Driver/Inc/stm32f4xx_hal_adc.h"
 400              		.file 10 "Core/Inc/adc.h"
 401              		.file 11 "Core/Inc/main.h"
ARM GAS  C:\Users\晚风\AppData\Local\Temp\cczicM0u.s 			page 12


DEFINED SYMBOLS
                            *ABS*:00000000 adc.c
C:\Users\晚风\AppData\Local\Temp\cczicM0u.s:21     .text.MX_ADC3_Init:00000000 $t
C:\Users\晚风\AppData\Local\Temp\cczicM0u.s:27     .text.MX_ADC3_Init:00000000 MX_ADC3_Init
C:\Users\晚风\AppData\Local\Temp\cczicM0u.s:139    .text.MX_ADC3_Init:00000064 $d
C:\Users\晚风\AppData\Local\Temp\cczicM0u.s:388    .bss.hadc3:00000000 hadc3
C:\Users\晚风\AppData\Local\Temp\cczicM0u.s:146    .text.HAL_ADC_MspInit:00000000 $t
C:\Users\晚风\AppData\Local\Temp\cczicM0u.s:152    .text.HAL_ADC_MspInit:00000000 HAL_ADC_MspInit
C:\Users\晚风\AppData\Local\Temp\cczicM0u.s:310    .text.HAL_ADC_MspInit:0000009c $d
C:\Users\晚风\AppData\Local\Temp\cczicM0u.s:381    .bss.hdma_adc3:00000000 hdma_adc3
C:\Users\晚风\AppData\Local\Temp\cczicM0u.s:318    .text.HAL_ADC_MspDeInit:00000000 $t
C:\Users\晚风\AppData\Local\Temp\cczicM0u.s:324    .text.HAL_ADC_MspDeInit:00000000 HAL_ADC_MspDeInit
C:\Users\晚风\AppData\Local\Temp\cczicM0u.s:370    .text.HAL_ADC_MspDeInit:0000002c $d
C:\Users\晚风\AppData\Local\Temp\cczicM0u.s:378    .bss.hdma_adc3:00000000 $d
C:\Users\晚风\AppData\Local\Temp\cczicM0u.s:385    .bss.hadc3:00000000 $d

UNDEFINED SYMBOLS
HAL_ADC_Init
HAL_ADC_ConfigChannel
Error_Handler
HAL_GPIO_Init
HAL_DMA_Init
HAL_GPIO_DeInit
HAL_DMA_DeInit
