ARM GAS  C:\Users\晚风\AppData\Local\Temp\ccMJqeTf.s 			page 1


   1              		.cpu cortex-m4
   2              		.arch armv7e-m
   3              		.fpu fpv4-sp-d16
   4              		.eabi_attribute 27, 1
   5              		.eabi_attribute 28, 1
   6              		.eabi_attribute 20, 1
   7              		.eabi_attribute 21, 1
   8              		.eabi_attribute 23, 3
   9              		.eabi_attribute 24, 1
  10              		.eabi_attribute 25, 1
  11              		.eabi_attribute 26, 1
  12              		.eabi_attribute 30, 1
  13              		.eabi_attribute 34, 1
  14              		.eabi_attribute 18, 4
  15              		.file	"can.c"
  16              		.text
  17              	.Ltext0:
  18              		.cfi_sections	.debug_frame
  19              		.file 1 "Core/Src/can.c"
  20              		.section	.text.MX_CAN1_Init,"ax",%progbits
  21              		.align	1
  22              		.global	MX_CAN1_Init
  23              		.syntax unified
  24              		.thumb
  25              		.thumb_func
  27              	MX_CAN1_Init:
  28              	.LFB239:
   1:Core/Src/can.c **** /* USER CODE BEGIN Header */
   2:Core/Src/can.c **** /**
   3:Core/Src/can.c ****   ******************************************************************************
   4:Core/Src/can.c ****   * @file    can.c
   5:Core/Src/can.c ****   * @brief   This file provides code for the configuration
   6:Core/Src/can.c ****   *          of the CAN instances.
   7:Core/Src/can.c ****   ******************************************************************************
   8:Core/Src/can.c ****   * @attention
   9:Core/Src/can.c ****   *
  10:Core/Src/can.c ****   * Copyright (c) 2024 STMicroelectronics.
  11:Core/Src/can.c ****   * All rights reserved.
  12:Core/Src/can.c ****   *
  13:Core/Src/can.c ****   * This software is licensed under terms that can be found in the LICENSE file
  14:Core/Src/can.c ****   * in the root directory of this software component.
  15:Core/Src/can.c ****   * If no LICENSE file comes with this software, it is provided AS-IS.
  16:Core/Src/can.c ****   *
  17:Core/Src/can.c ****   ******************************************************************************
  18:Core/Src/can.c ****   */
  19:Core/Src/can.c **** /* USER CODE END Header */
  20:Core/Src/can.c **** /* Includes ------------------------------------------------------------------*/
  21:Core/Src/can.c **** #include "can.h"
  22:Core/Src/can.c **** 
  23:Core/Src/can.c **** /* USER CODE BEGIN 0 */
  24:Core/Src/can.c **** 
  25:Core/Src/can.c **** /* USER CODE END 0 */
  26:Core/Src/can.c **** 
  27:Core/Src/can.c **** CAN_HandleTypeDef hcan1;
  28:Core/Src/can.c **** CAN_HandleTypeDef hcan2;
  29:Core/Src/can.c **** 
  30:Core/Src/can.c **** /* CAN1 init function */
ARM GAS  C:\Users\晚风\AppData\Local\Temp\ccMJqeTf.s 			page 2


  31:Core/Src/can.c **** void MX_CAN1_Init(void)
  32:Core/Src/can.c **** {
  29              		.loc 1 32 1 view -0
  30              		.cfi_startproc
  31              		@ args = 0, pretend = 0, frame = 0
  32              		@ frame_needed = 0, uses_anonymous_args = 0
  33 0000 08B5     		push	{r3, lr}
  34              	.LCFI0:
  35              		.cfi_def_cfa_offset 8
  36              		.cfi_offset 3, -8
  37              		.cfi_offset 14, -4
  33:Core/Src/can.c **** 
  34:Core/Src/can.c ****   /* USER CODE BEGIN CAN1_Init 0 */
  35:Core/Src/can.c **** 
  36:Core/Src/can.c ****   /* USER CODE END CAN1_Init 0 */
  37:Core/Src/can.c **** 
  38:Core/Src/can.c ****   /* USER CODE BEGIN CAN1_Init 1 */
  39:Core/Src/can.c **** 
  40:Core/Src/can.c ****   /* USER CODE END CAN1_Init 1 */
  41:Core/Src/can.c ****   hcan1.Instance = CAN1;
  38              		.loc 1 41 3 view .LVU1
  39              		.loc 1 41 18 is_stmt 0 view .LVU2
  40 0002 0E48     		ldr	r0, .L5
  41 0004 0E4B     		ldr	r3, .L5+4
  42 0006 0360     		str	r3, [r0]
  42:Core/Src/can.c ****   hcan1.Init.Prescaler = 3;
  43              		.loc 1 42 3 is_stmt 1 view .LVU3
  44              		.loc 1 42 24 is_stmt 0 view .LVU4
  45 0008 0323     		movs	r3, #3
  46 000a 4360     		str	r3, [r0, #4]
  43:Core/Src/can.c ****   hcan1.Init.Mode = CAN_MODE_NORMAL;
  47              		.loc 1 43 3 is_stmt 1 view .LVU5
  48              		.loc 1 43 19 is_stmt 0 view .LVU6
  49 000c 0023     		movs	r3, #0
  50 000e 8360     		str	r3, [r0, #8]
  44:Core/Src/can.c ****   hcan1.Init.SyncJumpWidth = CAN_SJW_1TQ;
  51              		.loc 1 44 3 is_stmt 1 view .LVU7
  52              		.loc 1 44 28 is_stmt 0 view .LVU8
  53 0010 C360     		str	r3, [r0, #12]
  45:Core/Src/can.c ****   hcan1.Init.TimeSeg1 = CAN_BS1_10TQ;
  54              		.loc 1 45 3 is_stmt 1 view .LVU9
  55              		.loc 1 45 23 is_stmt 0 view .LVU10
  56 0012 4FF41022 		mov	r2, #589824
  57 0016 0261     		str	r2, [r0, #16]
  46:Core/Src/can.c ****   hcan1.Init.TimeSeg2 = CAN_BS2_3TQ;
  58              		.loc 1 46 3 is_stmt 1 view .LVU11
  59              		.loc 1 46 23 is_stmt 0 view .LVU12
  60 0018 4FF40012 		mov	r2, #2097152
  61 001c 4261     		str	r2, [r0, #20]
  47:Core/Src/can.c ****   hcan1.Init.TimeTriggeredMode = DISABLE;
  62              		.loc 1 47 3 is_stmt 1 view .LVU13
  63              		.loc 1 47 32 is_stmt 0 view .LVU14
  64 001e 0376     		strb	r3, [r0, #24]
  48:Core/Src/can.c ****   hcan1.Init.AutoBusOff = DISABLE;
  65              		.loc 1 48 3 is_stmt 1 view .LVU15
  66              		.loc 1 48 25 is_stmt 0 view .LVU16
  67 0020 4376     		strb	r3, [r0, #25]
ARM GAS  C:\Users\晚风\AppData\Local\Temp\ccMJqeTf.s 			page 3


  49:Core/Src/can.c ****   hcan1.Init.AutoWakeUp = DISABLE;
  68              		.loc 1 49 3 is_stmt 1 view .LVU17
  69              		.loc 1 49 25 is_stmt 0 view .LVU18
  70 0022 8376     		strb	r3, [r0, #26]
  50:Core/Src/can.c ****   hcan1.Init.AutoRetransmission = ENABLE;
  71              		.loc 1 50 3 is_stmt 1 view .LVU19
  72              		.loc 1 50 33 is_stmt 0 view .LVU20
  73 0024 0122     		movs	r2, #1
  74 0026 C276     		strb	r2, [r0, #27]
  51:Core/Src/can.c ****   hcan1.Init.ReceiveFifoLocked = DISABLE;
  75              		.loc 1 51 3 is_stmt 1 view .LVU21
  76              		.loc 1 51 32 is_stmt 0 view .LVU22
  77 0028 0377     		strb	r3, [r0, #28]
  52:Core/Src/can.c ****   hcan1.Init.TransmitFifoPriority = DISABLE;
  78              		.loc 1 52 3 is_stmt 1 view .LVU23
  79              		.loc 1 52 35 is_stmt 0 view .LVU24
  80 002a 4377     		strb	r3, [r0, #29]
  53:Core/Src/can.c ****   if (HAL_CAN_Init(&hcan1) != HAL_OK)
  81              		.loc 1 53 3 is_stmt 1 view .LVU25
  82              		.loc 1 53 7 is_stmt 0 view .LVU26
  83 002c FFF7FEFF 		bl	HAL_CAN_Init
  84              	.LVL0:
  85              		.loc 1 53 6 discriminator 1 view .LVU27
  86 0030 00B9     		cbnz	r0, .L4
  87              	.L1:
  54:Core/Src/can.c ****   {
  55:Core/Src/can.c ****     Error_Handler();
  56:Core/Src/can.c ****   }
  57:Core/Src/can.c ****   /* USER CODE BEGIN CAN1_Init 2 */
  58:Core/Src/can.c **** 
  59:Core/Src/can.c ****   /* USER CODE END CAN1_Init 2 */
  60:Core/Src/can.c **** 
  61:Core/Src/can.c **** }
  88              		.loc 1 61 1 view .LVU28
  89 0032 08BD     		pop	{r3, pc}
  90              	.L4:
  55:Core/Src/can.c ****   }
  91              		.loc 1 55 5 is_stmt 1 view .LVU29
  92 0034 FFF7FEFF 		bl	Error_Handler
  93              	.LVL1:
  94              		.loc 1 61 1 is_stmt 0 view .LVU30
  95 0038 FBE7     		b	.L1
  96              	.L6:
  97 003a 00BF     		.align	2
  98              	.L5:
  99 003c 00000000 		.word	hcan1
 100 0040 00640040 		.word	1073767424
 101              		.cfi_endproc
 102              	.LFE239:
 104              		.section	.text.MX_CAN2_Init,"ax",%progbits
 105              		.align	1
 106              		.global	MX_CAN2_Init
 107              		.syntax unified
 108              		.thumb
 109              		.thumb_func
 111              	MX_CAN2_Init:
 112              	.LFB240:
ARM GAS  C:\Users\晚风\AppData\Local\Temp\ccMJqeTf.s 			page 4


  62:Core/Src/can.c **** /* CAN2 init function */
  63:Core/Src/can.c **** void MX_CAN2_Init(void)
  64:Core/Src/can.c **** {
 113              		.loc 1 64 1 is_stmt 1 view -0
 114              		.cfi_startproc
 115              		@ args = 0, pretend = 0, frame = 0
 116              		@ frame_needed = 0, uses_anonymous_args = 0
 117 0000 08B5     		push	{r3, lr}
 118              	.LCFI1:
 119              		.cfi_def_cfa_offset 8
 120              		.cfi_offset 3, -8
 121              		.cfi_offset 14, -4
  65:Core/Src/can.c **** 
  66:Core/Src/can.c ****   /* USER CODE BEGIN CAN2_Init 0 */
  67:Core/Src/can.c **** 
  68:Core/Src/can.c ****   /* USER CODE END CAN2_Init 0 */
  69:Core/Src/can.c **** 
  70:Core/Src/can.c ****   /* USER CODE BEGIN CAN2_Init 1 */
  71:Core/Src/can.c **** 
  72:Core/Src/can.c ****   /* USER CODE END CAN2_Init 1 */
  73:Core/Src/can.c ****   hcan2.Instance = CAN2;
 122              		.loc 1 73 3 view .LVU32
 123              		.loc 1 73 18 is_stmt 0 view .LVU33
 124 0002 0E48     		ldr	r0, .L11
 125 0004 0E4B     		ldr	r3, .L11+4
 126 0006 0360     		str	r3, [r0]
  74:Core/Src/can.c ****   hcan2.Init.Prescaler = 3;
 127              		.loc 1 74 3 is_stmt 1 view .LVU34
 128              		.loc 1 74 24 is_stmt 0 view .LVU35
 129 0008 0323     		movs	r3, #3
 130 000a 4360     		str	r3, [r0, #4]
  75:Core/Src/can.c ****   hcan2.Init.Mode = CAN_MODE_NORMAL;
 131              		.loc 1 75 3 is_stmt 1 view .LVU36
 132              		.loc 1 75 19 is_stmt 0 view .LVU37
 133 000c 0023     		movs	r3, #0
 134 000e 8360     		str	r3, [r0, #8]
  76:Core/Src/can.c ****   hcan2.Init.SyncJumpWidth = CAN_SJW_1TQ;
 135              		.loc 1 76 3 is_stmt 1 view .LVU38
 136              		.loc 1 76 28 is_stmt 0 view .LVU39
 137 0010 C360     		str	r3, [r0, #12]
  77:Core/Src/can.c ****   hcan2.Init.TimeSeg1 = CAN_BS1_10TQ;
 138              		.loc 1 77 3 is_stmt 1 view .LVU40
 139              		.loc 1 77 23 is_stmt 0 view .LVU41
 140 0012 4FF41022 		mov	r2, #589824
 141 0016 0261     		str	r2, [r0, #16]
  78:Core/Src/can.c ****   hcan2.Init.TimeSeg2 = CAN_BS2_3TQ;
 142              		.loc 1 78 3 is_stmt 1 view .LVU42
 143              		.loc 1 78 23 is_stmt 0 view .LVU43
 144 0018 4FF40012 		mov	r2, #2097152
 145 001c 4261     		str	r2, [r0, #20]
  79:Core/Src/can.c ****   hcan2.Init.TimeTriggeredMode = DISABLE;
 146              		.loc 1 79 3 is_stmt 1 view .LVU44
 147              		.loc 1 79 32 is_stmt 0 view .LVU45
 148 001e 0376     		strb	r3, [r0, #24]
  80:Core/Src/can.c ****   hcan2.Init.AutoBusOff = DISABLE;
 149              		.loc 1 80 3 is_stmt 1 view .LVU46
 150              		.loc 1 80 25 is_stmt 0 view .LVU47
ARM GAS  C:\Users\晚风\AppData\Local\Temp\ccMJqeTf.s 			page 5


 151 0020 4376     		strb	r3, [r0, #25]
  81:Core/Src/can.c ****   hcan2.Init.AutoWakeUp = DISABLE;
 152              		.loc 1 81 3 is_stmt 1 view .LVU48
 153              		.loc 1 81 25 is_stmt 0 view .LVU49
 154 0022 8376     		strb	r3, [r0, #26]
  82:Core/Src/can.c ****   hcan2.Init.AutoRetransmission = ENABLE;
 155              		.loc 1 82 3 is_stmt 1 view .LVU50
 156              		.loc 1 82 33 is_stmt 0 view .LVU51
 157 0024 0122     		movs	r2, #1
 158 0026 C276     		strb	r2, [r0, #27]
  83:Core/Src/can.c ****   hcan2.Init.ReceiveFifoLocked = DISABLE;
 159              		.loc 1 83 3 is_stmt 1 view .LVU52
 160              		.loc 1 83 32 is_stmt 0 view .LVU53
 161 0028 0377     		strb	r3, [r0, #28]
  84:Core/Src/can.c ****   hcan2.Init.TransmitFifoPriority = DISABLE;
 162              		.loc 1 84 3 is_stmt 1 view .LVU54
 163              		.loc 1 84 35 is_stmt 0 view .LVU55
 164 002a 4377     		strb	r3, [r0, #29]
  85:Core/Src/can.c ****   if (HAL_CAN_Init(&hcan2) != HAL_OK)
 165              		.loc 1 85 3 is_stmt 1 view .LVU56
 166              		.loc 1 85 7 is_stmt 0 view .LVU57
 167 002c FFF7FEFF 		bl	HAL_CAN_Init
 168              	.LVL2:
 169              		.loc 1 85 6 discriminator 1 view .LVU58
 170 0030 00B9     		cbnz	r0, .L10
 171              	.L7:
  86:Core/Src/can.c ****   {
  87:Core/Src/can.c ****     Error_Handler();
  88:Core/Src/can.c ****   }
  89:Core/Src/can.c ****   /* USER CODE BEGIN CAN2_Init 2 */
  90:Core/Src/can.c **** 
  91:Core/Src/can.c ****   /* USER CODE END CAN2_Init 2 */
  92:Core/Src/can.c **** 
  93:Core/Src/can.c **** }
 172              		.loc 1 93 1 view .LVU59
 173 0032 08BD     		pop	{r3, pc}
 174              	.L10:
  87:Core/Src/can.c ****   }
 175              		.loc 1 87 5 is_stmt 1 view .LVU60
 176 0034 FFF7FEFF 		bl	Error_Handler
 177              	.LVL3:
 178              		.loc 1 93 1 is_stmt 0 view .LVU61
 179 0038 FBE7     		b	.L7
 180              	.L12:
 181 003a 00BF     		.align	2
 182              	.L11:
 183 003c 00000000 		.word	hcan2
 184 0040 00680040 		.word	1073768448
 185              		.cfi_endproc
 186              	.LFE240:
 188              		.section	.text.HAL_CAN_MspInit,"ax",%progbits
 189              		.align	1
 190              		.global	HAL_CAN_MspInit
 191              		.syntax unified
 192              		.thumb
 193              		.thumb_func
 195              	HAL_CAN_MspInit:
ARM GAS  C:\Users\晚风\AppData\Local\Temp\ccMJqeTf.s 			page 6


 196              	.LVL4:
 197              	.LFB241:
  94:Core/Src/can.c **** 
  95:Core/Src/can.c **** static uint32_t HAL_RCC_CAN1_CLK_ENABLED=0;
  96:Core/Src/can.c **** 
  97:Core/Src/can.c **** void HAL_CAN_MspInit(CAN_HandleTypeDef* canHandle)
  98:Core/Src/can.c **** {
 198              		.loc 1 98 1 is_stmt 1 view -0
 199              		.cfi_startproc
 200              		@ args = 0, pretend = 0, frame = 40
 201              		@ frame_needed = 0, uses_anonymous_args = 0
 202              		.loc 1 98 1 is_stmt 0 view .LVU63
 203 0000 00B5     		push	{lr}
 204              	.LCFI2:
 205              		.cfi_def_cfa_offset 4
 206              		.cfi_offset 14, -4
 207 0002 8BB0     		sub	sp, sp, #44
 208              	.LCFI3:
 209              		.cfi_def_cfa_offset 48
  99:Core/Src/can.c **** 
 100:Core/Src/can.c ****   GPIO_InitTypeDef GPIO_InitStruct = {0};
 210              		.loc 1 100 3 is_stmt 1 view .LVU64
 211              		.loc 1 100 20 is_stmt 0 view .LVU65
 212 0004 0023     		movs	r3, #0
 213 0006 0593     		str	r3, [sp, #20]
 214 0008 0693     		str	r3, [sp, #24]
 215 000a 0793     		str	r3, [sp, #28]
 216 000c 0893     		str	r3, [sp, #32]
 217 000e 0993     		str	r3, [sp, #36]
 101:Core/Src/can.c ****   if(canHandle->Instance==CAN1)
 218              		.loc 1 101 3 is_stmt 1 view .LVU66
 219              		.loc 1 101 15 is_stmt 0 view .LVU67
 220 0010 0368     		ldr	r3, [r0]
 221              		.loc 1 101 5 view .LVU68
 222 0012 364A     		ldr	r2, .L23
 223 0014 9342     		cmp	r3, r2
 224 0016 05D0     		beq	.L19
 102:Core/Src/can.c ****   {
 103:Core/Src/can.c ****   /* USER CODE BEGIN CAN1_MspInit 0 */
 104:Core/Src/can.c **** 
 105:Core/Src/can.c ****   /* USER CODE END CAN1_MspInit 0 */
 106:Core/Src/can.c ****     /* CAN1 clock enable */
 107:Core/Src/can.c ****     HAL_RCC_CAN1_CLK_ENABLED++;
 108:Core/Src/can.c ****     if(HAL_RCC_CAN1_CLK_ENABLED==1){
 109:Core/Src/can.c ****       __HAL_RCC_CAN1_CLK_ENABLE();
 110:Core/Src/can.c ****     }
 111:Core/Src/can.c **** 
 112:Core/Src/can.c ****     __HAL_RCC_GPIOD_CLK_ENABLE();
 113:Core/Src/can.c ****     /**CAN1 GPIO Configuration
 114:Core/Src/can.c ****     PD0     ------> CAN1_RX
 115:Core/Src/can.c ****     PD1     ------> CAN1_TX
 116:Core/Src/can.c ****     */
 117:Core/Src/can.c ****     GPIO_InitStruct.Pin = GPIO_PIN_0|GPIO_PIN_1;
 118:Core/Src/can.c ****     GPIO_InitStruct.Mode = GPIO_MODE_AF_PP;
 119:Core/Src/can.c ****     GPIO_InitStruct.Pull = GPIO_NOPULL;
 120:Core/Src/can.c ****     GPIO_InitStruct.Speed = GPIO_SPEED_FREQ_VERY_HIGH;
 121:Core/Src/can.c ****     GPIO_InitStruct.Alternate = GPIO_AF9_CAN1;
ARM GAS  C:\Users\晚风\AppData\Local\Temp\ccMJqeTf.s 			page 7


 122:Core/Src/can.c ****     HAL_GPIO_Init(GPIOD, &GPIO_InitStruct);
 123:Core/Src/can.c **** 
 124:Core/Src/can.c ****   /* USER CODE BEGIN CAN1_MspInit 1 */
 125:Core/Src/can.c **** 
 126:Core/Src/can.c ****   /* USER CODE END CAN1_MspInit 1 */
 127:Core/Src/can.c ****   }
 128:Core/Src/can.c ****   else if(canHandle->Instance==CAN2)
 225              		.loc 1 128 8 is_stmt 1 view .LVU69
 226              		.loc 1 128 10 is_stmt 0 view .LVU70
 227 0018 354A     		ldr	r2, .L23+4
 228 001a 9342     		cmp	r3, r2
 229 001c 2DD0     		beq	.L20
 230              	.LVL5:
 231              	.L13:
 129:Core/Src/can.c ****   {
 130:Core/Src/can.c ****   /* USER CODE BEGIN CAN2_MspInit 0 */
 131:Core/Src/can.c **** 
 132:Core/Src/can.c ****   /* USER CODE END CAN2_MspInit 0 */
 133:Core/Src/can.c ****     /* CAN2 clock enable */
 134:Core/Src/can.c ****     __HAL_RCC_CAN2_CLK_ENABLE();
 135:Core/Src/can.c ****     HAL_RCC_CAN1_CLK_ENABLED++;
 136:Core/Src/can.c ****     if(HAL_RCC_CAN1_CLK_ENABLED==1){
 137:Core/Src/can.c ****       __HAL_RCC_CAN1_CLK_ENABLE();
 138:Core/Src/can.c ****     }
 139:Core/Src/can.c **** 
 140:Core/Src/can.c ****     __HAL_RCC_GPIOB_CLK_ENABLE();
 141:Core/Src/can.c ****     /**CAN2 GPIO Configuration
 142:Core/Src/can.c ****     PB5     ------> CAN2_RX
 143:Core/Src/can.c ****     PB6     ------> CAN2_TX
 144:Core/Src/can.c ****     */
 145:Core/Src/can.c ****     GPIO_InitStruct.Pin = GPIO_PIN_5|GPIO_PIN_6;
 146:Core/Src/can.c ****     GPIO_InitStruct.Mode = GPIO_MODE_AF_PP;
 147:Core/Src/can.c ****     GPIO_InitStruct.Pull = GPIO_NOPULL;
 148:Core/Src/can.c ****     GPIO_InitStruct.Speed = GPIO_SPEED_FREQ_VERY_HIGH;
 149:Core/Src/can.c ****     GPIO_InitStruct.Alternate = GPIO_AF9_CAN2;
 150:Core/Src/can.c ****     HAL_GPIO_Init(GPIOB, &GPIO_InitStruct);
 151:Core/Src/can.c **** 
 152:Core/Src/can.c ****   /* USER CODE BEGIN CAN2_MspInit 1 */
 153:Core/Src/can.c **** 
 154:Core/Src/can.c ****   /* USER CODE END CAN2_MspInit 1 */
 155:Core/Src/can.c ****   }
 156:Core/Src/can.c **** }
 232              		.loc 1 156 1 view .LVU71
 233 001e 0BB0     		add	sp, sp, #44
 234              	.LCFI4:
 235              		.cfi_remember_state
 236              		.cfi_def_cfa_offset 4
 237              		@ sp needed
 238 0020 5DF804FB 		ldr	pc, [sp], #4
 239              	.LVL6:
 240              	.L19:
 241              	.LCFI5:
 242              		.cfi_restore_state
 107:Core/Src/can.c ****     if(HAL_RCC_CAN1_CLK_ENABLED==1){
 243              		.loc 1 107 5 is_stmt 1 view .LVU72
 107:Core/Src/can.c ****     if(HAL_RCC_CAN1_CLK_ENABLED==1){
 244              		.loc 1 107 29 is_stmt 0 view .LVU73
ARM GAS  C:\Users\晚风\AppData\Local\Temp\ccMJqeTf.s 			page 8


 245 0024 334A     		ldr	r2, .L23+8
 246 0026 1368     		ldr	r3, [r2]
 247 0028 0133     		adds	r3, r3, #1
 248 002a 1360     		str	r3, [r2]
 108:Core/Src/can.c ****       __HAL_RCC_CAN1_CLK_ENABLE();
 249              		.loc 1 108 5 is_stmt 1 view .LVU74
 108:Core/Src/can.c ****       __HAL_RCC_CAN1_CLK_ENABLE();
 250              		.loc 1 108 7 is_stmt 0 view .LVU75
 251 002c 012B     		cmp	r3, #1
 252 002e 17D0     		beq	.L21
 253              	.L15:
 109:Core/Src/can.c ****     }
 254              		.loc 1 109 7 is_stmt 1 discriminator 1 view .LVU76
 112:Core/Src/can.c ****     /**CAN1 GPIO Configuration
 255              		.loc 1 112 5 view .LVU77
 256              	.LBB2:
 112:Core/Src/can.c ****     /**CAN1 GPIO Configuration
 257              		.loc 1 112 5 view .LVU78
 258 0030 0023     		movs	r3, #0
 259 0032 0193     		str	r3, [sp, #4]
 112:Core/Src/can.c ****     /**CAN1 GPIO Configuration
 260              		.loc 1 112 5 view .LVU79
 261 0034 304B     		ldr	r3, .L23+12
 262 0036 1A6B     		ldr	r2, [r3, #48]
 263 0038 42F00802 		orr	r2, r2, #8
 264 003c 1A63     		str	r2, [r3, #48]
 112:Core/Src/can.c ****     /**CAN1 GPIO Configuration
 265              		.loc 1 112 5 view .LVU80
 266 003e 1B6B     		ldr	r3, [r3, #48]
 267 0040 03F00803 		and	r3, r3, #8
 268 0044 0193     		str	r3, [sp, #4]
 112:Core/Src/can.c ****     /**CAN1 GPIO Configuration
 269              		.loc 1 112 5 view .LVU81
 270 0046 019B     		ldr	r3, [sp, #4]
 271              	.LBE2:
 112:Core/Src/can.c ****     /**CAN1 GPIO Configuration
 272              		.loc 1 112 5 view .LVU82
 117:Core/Src/can.c ****     GPIO_InitStruct.Mode = GPIO_MODE_AF_PP;
 273              		.loc 1 117 5 view .LVU83
 117:Core/Src/can.c ****     GPIO_InitStruct.Mode = GPIO_MODE_AF_PP;
 274              		.loc 1 117 25 is_stmt 0 view .LVU84
 275 0048 0323     		movs	r3, #3
 276 004a 0593     		str	r3, [sp, #20]
 118:Core/Src/can.c ****     GPIO_InitStruct.Pull = GPIO_NOPULL;
 277              		.loc 1 118 5 is_stmt 1 view .LVU85
 118:Core/Src/can.c ****     GPIO_InitStruct.Pull = GPIO_NOPULL;
 278              		.loc 1 118 26 is_stmt 0 view .LVU86
 279 004c 0222     		movs	r2, #2
 280 004e 0692     		str	r2, [sp, #24]
 119:Core/Src/can.c ****     GPIO_InitStruct.Speed = GPIO_SPEED_FREQ_VERY_HIGH;
 281              		.loc 1 119 5 is_stmt 1 view .LVU87
 120:Core/Src/can.c ****     GPIO_InitStruct.Alternate = GPIO_AF9_CAN1;
 282              		.loc 1 120 5 view .LVU88
 120:Core/Src/can.c ****     GPIO_InitStruct.Alternate = GPIO_AF9_CAN1;
 283              		.loc 1 120 27 is_stmt 0 view .LVU89
 284 0050 0893     		str	r3, [sp, #32]
 121:Core/Src/can.c ****     HAL_GPIO_Init(GPIOD, &GPIO_InitStruct);
ARM GAS  C:\Users\晚风\AppData\Local\Temp\ccMJqeTf.s 			page 9


 285              		.loc 1 121 5 is_stmt 1 view .LVU90
 121:Core/Src/can.c ****     HAL_GPIO_Init(GPIOD, &GPIO_InitStruct);
 286              		.loc 1 121 31 is_stmt 0 view .LVU91
 287 0052 0923     		movs	r3, #9
 288 0054 0993     		str	r3, [sp, #36]
 122:Core/Src/can.c **** 
 289              		.loc 1 122 5 is_stmt 1 view .LVU92
 290 0056 05A9     		add	r1, sp, #20
 291 0058 2848     		ldr	r0, .L23+16
 292              	.LVL7:
 122:Core/Src/can.c **** 
 293              		.loc 1 122 5 is_stmt 0 view .LVU93
 294 005a FFF7FEFF 		bl	HAL_GPIO_Init
 295              	.LVL8:
 296 005e DEE7     		b	.L13
 297              	.LVL9:
 298              	.L21:
 109:Core/Src/can.c ****     }
 299              		.loc 1 109 7 is_stmt 1 view .LVU94
 300              	.LBB3:
 109:Core/Src/can.c ****     }
 301              		.loc 1 109 7 view .LVU95
 302 0060 0023     		movs	r3, #0
 303 0062 0093     		str	r3, [sp]
 109:Core/Src/can.c ****     }
 304              		.loc 1 109 7 view .LVU96
 305 0064 244B     		ldr	r3, .L23+12
 306 0066 1A6C     		ldr	r2, [r3, #64]
 307 0068 42F00072 		orr	r2, r2, #33554432
 308 006c 1A64     		str	r2, [r3, #64]
 109:Core/Src/can.c ****     }
 309              		.loc 1 109 7 view .LVU97
 310 006e 1B6C     		ldr	r3, [r3, #64]
 311 0070 03F00073 		and	r3, r3, #33554432
 312 0074 0093     		str	r3, [sp]
 109:Core/Src/can.c ****     }
 313              		.loc 1 109 7 view .LVU98
 314 0076 009B     		ldr	r3, [sp]
 315 0078 DAE7     		b	.L15
 316              	.L20:
 317              	.LBE3:
 134:Core/Src/can.c ****     HAL_RCC_CAN1_CLK_ENABLED++;
 318              		.loc 1 134 5 view .LVU99
 319              	.LBB4:
 134:Core/Src/can.c ****     HAL_RCC_CAN1_CLK_ENABLED++;
 320              		.loc 1 134 5 view .LVU100
 321 007a 0023     		movs	r3, #0
 322 007c 0293     		str	r3, [sp, #8]
 134:Core/Src/can.c ****     HAL_RCC_CAN1_CLK_ENABLED++;
 323              		.loc 1 134 5 view .LVU101
 324 007e 1E4B     		ldr	r3, .L23+12
 325 0080 1A6C     		ldr	r2, [r3, #64]
 326 0082 42F08062 		orr	r2, r2, #67108864
 327 0086 1A64     		str	r2, [r3, #64]
 134:Core/Src/can.c ****     HAL_RCC_CAN1_CLK_ENABLED++;
 328              		.loc 1 134 5 view .LVU102
 329 0088 1B6C     		ldr	r3, [r3, #64]
ARM GAS  C:\Users\晚风\AppData\Local\Temp\ccMJqeTf.s 			page 10


 330 008a 03F08063 		and	r3, r3, #67108864
 331 008e 0293     		str	r3, [sp, #8]
 134:Core/Src/can.c ****     HAL_RCC_CAN1_CLK_ENABLED++;
 332              		.loc 1 134 5 view .LVU103
 333 0090 029B     		ldr	r3, [sp, #8]
 334              	.LBE4:
 134:Core/Src/can.c ****     HAL_RCC_CAN1_CLK_ENABLED++;
 335              		.loc 1 134 5 view .LVU104
 135:Core/Src/can.c ****     if(HAL_RCC_CAN1_CLK_ENABLED==1){
 336              		.loc 1 135 5 view .LVU105
 135:Core/Src/can.c ****     if(HAL_RCC_CAN1_CLK_ENABLED==1){
 337              		.loc 1 135 29 is_stmt 0 view .LVU106
 338 0092 184A     		ldr	r2, .L23+8
 339 0094 1368     		ldr	r3, [r2]
 340 0096 0133     		adds	r3, r3, #1
 341 0098 1360     		str	r3, [r2]
 136:Core/Src/can.c ****       __HAL_RCC_CAN1_CLK_ENABLE();
 342              		.loc 1 136 5 is_stmt 1 view .LVU107
 136:Core/Src/can.c ****       __HAL_RCC_CAN1_CLK_ENABLE();
 343              		.loc 1 136 7 is_stmt 0 view .LVU108
 344 009a 012B     		cmp	r3, #1
 345 009c 18D0     		beq	.L22
 346              	.L17:
 137:Core/Src/can.c ****     }
 347              		.loc 1 137 7 is_stmt 1 discriminator 1 view .LVU109
 140:Core/Src/can.c ****     /**CAN2 GPIO Configuration
 348              		.loc 1 140 5 view .LVU110
 349              	.LBB5:
 140:Core/Src/can.c ****     /**CAN2 GPIO Configuration
 350              		.loc 1 140 5 view .LVU111
 351 009e 0023     		movs	r3, #0
 352 00a0 0493     		str	r3, [sp, #16]
 140:Core/Src/can.c ****     /**CAN2 GPIO Configuration
 353              		.loc 1 140 5 view .LVU112
 354 00a2 154B     		ldr	r3, .L23+12
 355 00a4 1A6B     		ldr	r2, [r3, #48]
 356 00a6 42F00202 		orr	r2, r2, #2
 357 00aa 1A63     		str	r2, [r3, #48]
 140:Core/Src/can.c ****     /**CAN2 GPIO Configuration
 358              		.loc 1 140 5 view .LVU113
 359 00ac 1B6B     		ldr	r3, [r3, #48]
 360 00ae 03F00203 		and	r3, r3, #2
 361 00b2 0493     		str	r3, [sp, #16]
 140:Core/Src/can.c ****     /**CAN2 GPIO Configuration
 362              		.loc 1 140 5 view .LVU114
 363 00b4 049B     		ldr	r3, [sp, #16]
 364              	.LBE5:
 140:Core/Src/can.c ****     /**CAN2 GPIO Configuration
 365              		.loc 1 140 5 view .LVU115
 145:Core/Src/can.c ****     GPIO_InitStruct.Mode = GPIO_MODE_AF_PP;
 366              		.loc 1 145 5 view .LVU116
 145:Core/Src/can.c ****     GPIO_InitStruct.Mode = GPIO_MODE_AF_PP;
 367              		.loc 1 145 25 is_stmt 0 view .LVU117
 368 00b6 6023     		movs	r3, #96
 369 00b8 0593     		str	r3, [sp, #20]
 146:Core/Src/can.c ****     GPIO_InitStruct.Pull = GPIO_NOPULL;
 370              		.loc 1 146 5 is_stmt 1 view .LVU118
ARM GAS  C:\Users\晚风\AppData\Local\Temp\ccMJqeTf.s 			page 11


 146:Core/Src/can.c ****     GPIO_InitStruct.Pull = GPIO_NOPULL;
 371              		.loc 1 146 26 is_stmt 0 view .LVU119
 372 00ba 0223     		movs	r3, #2
 373 00bc 0693     		str	r3, [sp, #24]
 147:Core/Src/can.c ****     GPIO_InitStruct.Speed = GPIO_SPEED_FREQ_VERY_HIGH;
 374              		.loc 1 147 5 is_stmt 1 view .LVU120
 148:Core/Src/can.c ****     GPIO_InitStruct.Alternate = GPIO_AF9_CAN2;
 375              		.loc 1 148 5 view .LVU121
 148:Core/Src/can.c ****     GPIO_InitStruct.Alternate = GPIO_AF9_CAN2;
 376              		.loc 1 148 27 is_stmt 0 view .LVU122
 377 00be 0323     		movs	r3, #3
 378 00c0 0893     		str	r3, [sp, #32]
 149:Core/Src/can.c ****     HAL_GPIO_Init(GPIOB, &GPIO_InitStruct);
 379              		.loc 1 149 5 is_stmt 1 view .LVU123
 149:Core/Src/can.c ****     HAL_GPIO_Init(GPIOB, &GPIO_InitStruct);
 380              		.loc 1 149 31 is_stmt 0 view .LVU124
 381 00c2 0923     		movs	r3, #9
 382 00c4 0993     		str	r3, [sp, #36]
 150:Core/Src/can.c **** 
 383              		.loc 1 150 5 is_stmt 1 view .LVU125
 384 00c6 05A9     		add	r1, sp, #20
 385 00c8 0D48     		ldr	r0, .L23+20
 386              	.LVL10:
 150:Core/Src/can.c **** 
 387              		.loc 1 150 5 is_stmt 0 view .LVU126
 388 00ca FFF7FEFF 		bl	HAL_GPIO_Init
 389              	.LVL11:
 390              		.loc 1 156 1 view .LVU127
 391 00ce A6E7     		b	.L13
 392              	.LVL12:
 393              	.L22:
 137:Core/Src/can.c ****     }
 394              		.loc 1 137 7 is_stmt 1 view .LVU128
 395              	.LBB6:
 137:Core/Src/can.c ****     }
 396              		.loc 1 137 7 view .LVU129
 397 00d0 0023     		movs	r3, #0
 398 00d2 0393     		str	r3, [sp, #12]
 137:Core/Src/can.c ****     }
 399              		.loc 1 137 7 view .LVU130
 400 00d4 084B     		ldr	r3, .L23+12
 401 00d6 1A6C     		ldr	r2, [r3, #64]
 402 00d8 42F00072 		orr	r2, r2, #33554432
 403 00dc 1A64     		str	r2, [r3, #64]
 137:Core/Src/can.c ****     }
 404              		.loc 1 137 7 view .LVU131
 405 00de 1B6C     		ldr	r3, [r3, #64]
 406 00e0 03F00073 		and	r3, r3, #33554432
 407 00e4 0393     		str	r3, [sp, #12]
 137:Core/Src/can.c ****     }
 408              		.loc 1 137 7 view .LVU132
 409 00e6 039B     		ldr	r3, [sp, #12]
 410 00e8 D9E7     		b	.L17
 411              	.L24:
 412 00ea 00BF     		.align	2
 413              	.L23:
 414 00ec 00640040 		.word	1073767424
ARM GAS  C:\Users\晚风\AppData\Local\Temp\ccMJqeTf.s 			page 12


 415 00f0 00680040 		.word	1073768448
 416 00f4 00000000 		.word	HAL_RCC_CAN1_CLK_ENABLED
 417 00f8 00380240 		.word	1073887232
 418 00fc 000C0240 		.word	1073875968
 419 0100 00040240 		.word	1073873920
 420              	.LBE6:
 421              		.cfi_endproc
 422              	.LFE241:
 424              		.section	.text.HAL_CAN_MspDeInit,"ax",%progbits
 425              		.align	1
 426              		.global	HAL_CAN_MspDeInit
 427              		.syntax unified
 428              		.thumb
 429              		.thumb_func
 431              	HAL_CAN_MspDeInit:
 432              	.LVL13:
 433              	.LFB242:
 157:Core/Src/can.c **** 
 158:Core/Src/can.c **** void HAL_CAN_MspDeInit(CAN_HandleTypeDef* canHandle)
 159:Core/Src/can.c **** {
 434              		.loc 1 159 1 view -0
 435              		.cfi_startproc
 436              		@ args = 0, pretend = 0, frame = 0
 437              		@ frame_needed = 0, uses_anonymous_args = 0
 438              		.loc 1 159 1 is_stmt 0 view .LVU134
 439 0000 08B5     		push	{r3, lr}
 440              	.LCFI6:
 441              		.cfi_def_cfa_offset 8
 442              		.cfi_offset 3, -8
 443              		.cfi_offset 14, -4
 160:Core/Src/can.c **** 
 161:Core/Src/can.c ****   if(canHandle->Instance==CAN1)
 444              		.loc 1 161 3 is_stmt 1 view .LVU135
 445              		.loc 1 161 15 is_stmt 0 view .LVU136
 446 0002 0368     		ldr	r3, [r0]
 447              		.loc 1 161 5 view .LVU137
 448 0004 154A     		ldr	r2, .L33
 449 0006 9342     		cmp	r3, r2
 450 0008 03D0     		beq	.L31
 162:Core/Src/can.c ****   {
 163:Core/Src/can.c ****   /* USER CODE BEGIN CAN1_MspDeInit 0 */
 164:Core/Src/can.c **** 
 165:Core/Src/can.c ****   /* USER CODE END CAN1_MspDeInit 0 */
 166:Core/Src/can.c ****     /* Peripheral clock disable */
 167:Core/Src/can.c ****     HAL_RCC_CAN1_CLK_ENABLED--;
 168:Core/Src/can.c ****     if(HAL_RCC_CAN1_CLK_ENABLED==0){
 169:Core/Src/can.c ****       __HAL_RCC_CAN1_CLK_DISABLE();
 170:Core/Src/can.c ****     }
 171:Core/Src/can.c **** 
 172:Core/Src/can.c ****     /**CAN1 GPIO Configuration
 173:Core/Src/can.c ****     PD0     ------> CAN1_RX
 174:Core/Src/can.c ****     PD1     ------> CAN1_TX
 175:Core/Src/can.c ****     */
 176:Core/Src/can.c ****     HAL_GPIO_DeInit(GPIOD, GPIO_PIN_0|GPIO_PIN_1);
 177:Core/Src/can.c **** 
 178:Core/Src/can.c ****   /* USER CODE BEGIN CAN1_MspDeInit 1 */
 179:Core/Src/can.c **** 
ARM GAS  C:\Users\晚风\AppData\Local\Temp\ccMJqeTf.s 			page 13


 180:Core/Src/can.c ****   /* USER CODE END CAN1_MspDeInit 1 */
 181:Core/Src/can.c ****   }
 182:Core/Src/can.c ****   else if(canHandle->Instance==CAN2)
 451              		.loc 1 182 8 is_stmt 1 view .LVU138
 452              		.loc 1 182 10 is_stmt 0 view .LVU139
 453 000a 154A     		ldr	r2, .L33+4
 454 000c 9342     		cmp	r3, r2
 455 000e 0FD0     		beq	.L32
 456              	.LVL14:
 457              	.L25:
 183:Core/Src/can.c ****   {
 184:Core/Src/can.c ****   /* USER CODE BEGIN CAN2_MspDeInit 0 */
 185:Core/Src/can.c **** 
 186:Core/Src/can.c ****   /* USER CODE END CAN2_MspDeInit 0 */
 187:Core/Src/can.c ****     /* Peripheral clock disable */
 188:Core/Src/can.c ****     __HAL_RCC_CAN2_CLK_DISABLE();
 189:Core/Src/can.c ****     HAL_RCC_CAN1_CLK_ENABLED--;
 190:Core/Src/can.c ****     if(HAL_RCC_CAN1_CLK_ENABLED==0){
 191:Core/Src/can.c ****       __HAL_RCC_CAN1_CLK_DISABLE();
 192:Core/Src/can.c ****     }
 193:Core/Src/can.c **** 
 194:Core/Src/can.c ****     /**CAN2 GPIO Configuration
 195:Core/Src/can.c ****     PB5     ------> CAN2_RX
 196:Core/Src/can.c ****     PB6     ------> CAN2_TX
 197:Core/Src/can.c ****     */
 198:Core/Src/can.c ****     HAL_GPIO_DeInit(GPIOB, GPIO_PIN_5|GPIO_PIN_6);
 199:Core/Src/can.c **** 
 200:Core/Src/can.c ****   /* USER CODE BEGIN CAN2_MspDeInit 1 */
 201:Core/Src/can.c **** 
 202:Core/Src/can.c ****   /* USER CODE END CAN2_MspDeInit 1 */
 203:Core/Src/can.c ****   }
 204:Core/Src/can.c **** }
 458              		.loc 1 204 1 view .LVU140
 459 0010 08BD     		pop	{r3, pc}
 460              	.LVL15:
 461              	.L31:
 167:Core/Src/can.c ****     if(HAL_RCC_CAN1_CLK_ENABLED==0){
 462              		.loc 1 167 5 is_stmt 1 view .LVU141
 167:Core/Src/can.c ****     if(HAL_RCC_CAN1_CLK_ENABLED==0){
 463              		.loc 1 167 29 is_stmt 0 view .LVU142
 464 0012 144A     		ldr	r2, .L33+8
 465 0014 1368     		ldr	r3, [r2]
 466 0016 013B     		subs	r3, r3, #1
 467 0018 1360     		str	r3, [r2]
 168:Core/Src/can.c ****       __HAL_RCC_CAN1_CLK_DISABLE();
 468              		.loc 1 168 5 is_stmt 1 view .LVU143
 168:Core/Src/can.c ****       __HAL_RCC_CAN1_CLK_DISABLE();
 469              		.loc 1 168 7 is_stmt 0 view .LVU144
 470 001a 23B9     		cbnz	r3, .L27
 169:Core/Src/can.c ****     }
 471              		.loc 1 169 7 is_stmt 1 view .LVU145
 472 001c 124A     		ldr	r2, .L33+12
 473 001e 136C     		ldr	r3, [r2, #64]
 474 0020 23F00073 		bic	r3, r3, #33554432
 475 0024 1364     		str	r3, [r2, #64]
 476              	.L27:
 176:Core/Src/can.c **** 
ARM GAS  C:\Users\晚风\AppData\Local\Temp\ccMJqeTf.s 			page 14


 477              		.loc 1 176 5 view .LVU146
 478 0026 0321     		movs	r1, #3
 479 0028 1048     		ldr	r0, .L33+16
 480              	.LVL16:
 176:Core/Src/can.c **** 
 481              		.loc 1 176 5 is_stmt 0 view .LVU147
 482 002a FFF7FEFF 		bl	HAL_GPIO_DeInit
 483              	.LVL17:
 484 002e EFE7     		b	.L25
 485              	.LVL18:
 486              	.L32:
 188:Core/Src/can.c ****     HAL_RCC_CAN1_CLK_ENABLED--;
 487              		.loc 1 188 5 is_stmt 1 view .LVU148
 488 0030 02F5E832 		add	r2, r2, #118784
 489 0034 136C     		ldr	r3, [r2, #64]
 490 0036 23F08063 		bic	r3, r3, #67108864
 491 003a 1364     		str	r3, [r2, #64]
 189:Core/Src/can.c ****     if(HAL_RCC_CAN1_CLK_ENABLED==0){
 492              		.loc 1 189 5 view .LVU149
 189:Core/Src/can.c ****     if(HAL_RCC_CAN1_CLK_ENABLED==0){
 493              		.loc 1 189 29 is_stmt 0 view .LVU150
 494 003c 094A     		ldr	r2, .L33+8
 495 003e 1368     		ldr	r3, [r2]
 496 0040 013B     		subs	r3, r3, #1
 497 0042 1360     		str	r3, [r2]
 190:Core/Src/can.c ****       __HAL_RCC_CAN1_CLK_DISABLE();
 498              		.loc 1 190 5 is_stmt 1 view .LVU151
 190:Core/Src/can.c ****       __HAL_RCC_CAN1_CLK_DISABLE();
 499              		.loc 1 190 7 is_stmt 0 view .LVU152
 500 0044 23B9     		cbnz	r3, .L29
 191:Core/Src/can.c ****     }
 501              		.loc 1 191 7 is_stmt 1 view .LVU153
 502 0046 084A     		ldr	r2, .L33+12
 503 0048 136C     		ldr	r3, [r2, #64]
 504 004a 23F00073 		bic	r3, r3, #33554432
 505 004e 1364     		str	r3, [r2, #64]
 506              	.L29:
 198:Core/Src/can.c **** 
 507              		.loc 1 198 5 view .LVU154
 508 0050 6021     		movs	r1, #96
 509 0052 0748     		ldr	r0, .L33+20
 510              	.LVL19:
 198:Core/Src/can.c **** 
 511              		.loc 1 198 5 is_stmt 0 view .LVU155
 512 0054 FFF7FEFF 		bl	HAL_GPIO_DeInit
 513              	.LVL20:
 514              		.loc 1 204 1 view .LVU156
 515 0058 DAE7     		b	.L25
 516              	.L34:
 517 005a 00BF     		.align	2
 518              	.L33:
 519 005c 00640040 		.word	1073767424
 520 0060 00680040 		.word	1073768448
 521 0064 00000000 		.word	HAL_RCC_CAN1_CLK_ENABLED
 522 0068 00380240 		.word	1073887232
 523 006c 000C0240 		.word	1073875968
 524 0070 00040240 		.word	1073873920
ARM GAS  C:\Users\晚风\AppData\Local\Temp\ccMJqeTf.s 			page 15


 525              		.cfi_endproc
 526              	.LFE242:
 528              		.section	.bss.HAL_RCC_CAN1_CLK_ENABLED,"aw",%nobits
 529              		.align	2
 532              	HAL_RCC_CAN1_CLK_ENABLED:
 533 0000 00000000 		.space	4
 534              		.global	hcan2
 535              		.section	.bss.hcan2,"aw",%nobits
 536              		.align	2
 539              	hcan2:
 540 0000 00000000 		.space	40
 540      00000000 
 540      00000000 
 540      00000000 
 540      00000000 
 541              		.global	hcan1
 542              		.section	.bss.hcan1,"aw",%nobits
 543              		.align	2
 546              	hcan1:
 547 0000 00000000 		.space	40
 547      00000000 
 547      00000000 
 547      00000000 
 547      00000000 
 548              		.text
 549              	.Letext0:
 550              		.file 2 "D:/Applications/arm-gnu-toolchain-13.2.Rel1-mingw-w64-i686-arm-none-eabi/arm-none-eabi/in
 551              		.file 3 "D:/Applications/arm-gnu-toolchain-13.2.Rel1-mingw-w64-i686-arm-none-eabi/arm-none-eabi/in
 552              		.file 4 "Drivers/CMSIS/Device/ST/STM32F4xx/Include/stm32f407xx.h"
 553              		.file 5 "Drivers/CMSIS/Device/ST/STM32F4xx/Include/stm32f4xx.h"
 554              		.file 6 "Drivers/STM32F4xx_HAL_Driver/Inc/stm32f4xx_hal_def.h"
 555              		.file 7 "Drivers/STM32F4xx_HAL_Driver/Inc/stm32f4xx_hal_gpio.h"
 556              		.file 8 "Drivers/STM32F4xx_HAL_Driver/Inc/stm32f4xx_hal_can.h"
 557              		.file 9 "Core/Inc/can.h"
 558              		.file 10 "Core/Inc/main.h"
ARM GAS  C:\Users\晚风\AppData\Local\Temp\ccMJqeTf.s 			page 16


DEFINED SYMBOLS
                            *ABS*:00000000 can.c
C:\Users\晚风\AppData\Local\Temp\ccMJqeTf.s:21     .text.MX_CAN1_Init:00000000 $t
C:\Users\晚风\AppData\Local\Temp\ccMJqeTf.s:27     .text.MX_CAN1_Init:00000000 MX_CAN1_Init
C:\Users\晚风\AppData\Local\Temp\ccMJqeTf.s:99     .text.MX_CAN1_Init:0000003c $d
C:\Users\晚风\AppData\Local\Temp\ccMJqeTf.s:546    .bss.hcan1:00000000 hcan1
C:\Users\晚风\AppData\Local\Temp\ccMJqeTf.s:105    .text.MX_CAN2_Init:00000000 $t
C:\Users\晚风\AppData\Local\Temp\ccMJqeTf.s:111    .text.MX_CAN2_Init:00000000 MX_CAN2_Init
C:\Users\晚风\AppData\Local\Temp\ccMJqeTf.s:183    .text.MX_CAN2_Init:0000003c $d
C:\Users\晚风\AppData\Local\Temp\ccMJqeTf.s:539    .bss.hcan2:00000000 hcan2
C:\Users\晚风\AppData\Local\Temp\ccMJqeTf.s:189    .text.HAL_CAN_MspInit:00000000 $t
C:\Users\晚风\AppData\Local\Temp\ccMJqeTf.s:195    .text.HAL_CAN_MspInit:00000000 HAL_CAN_MspInit
C:\Users\晚风\AppData\Local\Temp\ccMJqeTf.s:414    .text.HAL_CAN_MspInit:000000ec $d
C:\Users\晚风\AppData\Local\Temp\ccMJqeTf.s:532    .bss.HAL_RCC_CAN1_CLK_ENABLED:00000000 HAL_RCC_CAN1_CLK_ENABLED
C:\Users\晚风\AppData\Local\Temp\ccMJqeTf.s:425    .text.HAL_CAN_MspDeInit:00000000 $t
C:\Users\晚风\AppData\Local\Temp\ccMJqeTf.s:431    .text.HAL_CAN_MspDeInit:00000000 HAL_CAN_MspDeInit
C:\Users\晚风\AppData\Local\Temp\ccMJqeTf.s:519    .text.HAL_CAN_MspDeInit:0000005c $d
C:\Users\晚风\AppData\Local\Temp\ccMJqeTf.s:529    .bss.HAL_RCC_CAN1_CLK_ENABLED:00000000 $d
C:\Users\晚风\AppData\Local\Temp\ccMJqeTf.s:536    .bss.hcan2:00000000 $d
C:\Users\晚风\AppData\Local\Temp\ccMJqeTf.s:543    .bss.hcan1:00000000 $d

UNDEFINED SYMBOLS
HAL_CAN_Init
Error_Handler
HAL_GPIO_Init
HAL_GPIO_DeInit
