ARM GAS  C:\Users\晚风\AppData\Local\Temp\ccptNqzr.s 			page 1


   1              		.cpu cortex-m4
   2              		.arch armv7e-m
   3              		.fpu fpv4-sp-d16
   4              		.eabi_attribute 27, 1
   5              		.eabi_attribute 28, 1
   6              		.eabi_attribute 20, 1
   7              		.eabi_attribute 21, 1
   8              		.eabi_attribute 23, 3
   9              		.eabi_attribute 24, 1
  10              		.eabi_attribute 25, 1
  11              		.eabi_attribute 26, 1
  12              		.eabi_attribute 30, 1
  13              		.eabi_attribute 34, 1
  14              		.eabi_attribute 18, 4
  15              		.file	"freertos.c"
  16              		.text
  17              	.Ltext0:
  18              		.cfi_sections	.debug_frame
  19              		.file 1 "Core/Src/freertos.c"
  20              		.section	.text.StartInitTask,"ax",%progbits
  21              		.align	1
  22              		.global	StartInitTask
  23              		.syntax unified
  24              		.thumb
  25              		.thumb_func
  27              	StartInitTask:
  28              	.LVL0:
  29              	.LFB246:
   1:Core/Src/freertos.c **** /* USER CODE BEGIN Header */
   2:Core/Src/freertos.c **** /**
   3:Core/Src/freertos.c ****   ******************************************************************************
   4:Core/Src/freertos.c ****   * File Name          : freertos.c
   5:Core/Src/freertos.c ****   * Description        : Code for freertos applications
   6:Core/Src/freertos.c ****   ******************************************************************************
   7:Core/Src/freertos.c ****   * @attention
   8:Core/Src/freertos.c ****   *
   9:Core/Src/freertos.c ****   * Copyright (c) 2024 STMicroelectronics.
  10:Core/Src/freertos.c ****   * All rights reserved.
  11:Core/Src/freertos.c ****   *
  12:Core/Src/freertos.c ****   * This software is licensed under terms that can be found in the LICENSE file
  13:Core/Src/freertos.c ****   * in the root directory of this software component.
  14:Core/Src/freertos.c ****   * If no LICENSE file comes with this software, it is provided AS-IS.
  15:Core/Src/freertos.c ****   *
  16:Core/Src/freertos.c ****   ******************************************************************************
  17:Core/Src/freertos.c ****   */
  18:Core/Src/freertos.c **** /* USER CODE END Header */
  19:Core/Src/freertos.c **** 
  20:Core/Src/freertos.c **** /* Includes ------------------------------------------------------------------*/
  21:Core/Src/freertos.c **** #include "FreeRTOS.h"
  22:Core/Src/freertos.c **** #include "task.h"
  23:Core/Src/freertos.c **** #include "main.h"
  24:Core/Src/freertos.c **** #include "cmsis_os.h"
  25:Core/Src/freertos.c **** 
  26:Core/Src/freertos.c **** /* Private includes ----------------------------------------------------------*/
  27:Core/Src/freertos.c **** /* USER CODE BEGIN Includes */
  28:Core/Src/freertos.c **** 
  29:Core/Src/freertos.c **** /* USER CODE END Includes */
ARM GAS  C:\Users\晚风\AppData\Local\Temp\ccptNqzr.s 			page 2


  30:Core/Src/freertos.c **** 
  31:Core/Src/freertos.c **** /* Private typedef -----------------------------------------------------------*/
  32:Core/Src/freertos.c **** /* USER CODE BEGIN PTD */
  33:Core/Src/freertos.c **** 
  34:Core/Src/freertos.c **** /* USER CODE END PTD */
  35:Core/Src/freertos.c **** 
  36:Core/Src/freertos.c **** /* Private define ------------------------------------------------------------*/
  37:Core/Src/freertos.c **** /* USER CODE BEGIN PD */
  38:Core/Src/freertos.c **** 
  39:Core/Src/freertos.c **** /* USER CODE END PD */
  40:Core/Src/freertos.c **** 
  41:Core/Src/freertos.c **** /* Private macro -------------------------------------------------------------*/
  42:Core/Src/freertos.c **** /* USER CODE BEGIN PM */
  43:Core/Src/freertos.c **** 
  44:Core/Src/freertos.c **** /* USER CODE END PM */
  45:Core/Src/freertos.c **** 
  46:Core/Src/freertos.c **** /* Private variables ---------------------------------------------------------*/
  47:Core/Src/freertos.c **** /* USER CODE BEGIN Variables */
  48:Core/Src/freertos.c **** 
  49:Core/Src/freertos.c **** /* USER CODE END Variables */
  50:Core/Src/freertos.c **** /* Definitions for initTask */
  51:Core/Src/freertos.c **** osThreadId_t initTaskHandle;
  52:Core/Src/freertos.c **** const osThreadAttr_t initTask_attributes = {
  53:Core/Src/freertos.c ****   .name = "initTask",
  54:Core/Src/freertos.c ****   .stack_size = 128 * 4,
  55:Core/Src/freertos.c ****   .priority = (osPriority_t) osPriorityNormal,
  56:Core/Src/freertos.c **** };
  57:Core/Src/freertos.c **** 
  58:Core/Src/freertos.c **** /* Private function prototypes -----------------------------------------------*/
  59:Core/Src/freertos.c **** /* USER CODE BEGIN FunctionPrototypes */
  60:Core/Src/freertos.c **** 
  61:Core/Src/freertos.c **** /* USER CODE END FunctionPrototypes */
  62:Core/Src/freertos.c **** 
  63:Core/Src/freertos.c **** void StartInitTask(void *argument);
  64:Core/Src/freertos.c **** 
  65:Core/Src/freertos.c **** extern void MX_USB_DEVICE_Init(void);
  66:Core/Src/freertos.c **** void MX_FREERTOS_Init(void); /* (MISRA C 2004 rule 8.1) */
  67:Core/Src/freertos.c **** 
  68:Core/Src/freertos.c **** /* USER CODE BEGIN PREPOSTSLEEP */
  69:Core/Src/freertos.c **** __weak void PreSleepProcessing(uint32_t ulExpectedIdleTime)
  70:Core/Src/freertos.c **** {
  71:Core/Src/freertos.c **** /* place for user code */
  72:Core/Src/freertos.c **** }
  73:Core/Src/freertos.c **** 
  74:Core/Src/freertos.c **** __weak void PostSleepProcessing(uint32_t ulExpectedIdleTime)
  75:Core/Src/freertos.c **** {
  76:Core/Src/freertos.c **** /* place for user code */
  77:Core/Src/freertos.c **** }
  78:Core/Src/freertos.c **** /* USER CODE END PREPOSTSLEEP */
  79:Core/Src/freertos.c **** 
  80:Core/Src/freertos.c **** /**
  81:Core/Src/freertos.c ****   * @brief  FreeRTOS initialization
  82:Core/Src/freertos.c ****   * @param  None
  83:Core/Src/freertos.c ****   * @retval None
  84:Core/Src/freertos.c ****   */
  85:Core/Src/freertos.c **** void MX_FREERTOS_Init(void) {
  86:Core/Src/freertos.c ****   /* USER CODE BEGIN Init */
ARM GAS  C:\Users\晚风\AppData\Local\Temp\ccptNqzr.s 			page 3


  87:Core/Src/freertos.c **** 
  88:Core/Src/freertos.c ****   /* USER CODE END Init */
  89:Core/Src/freertos.c **** 
  90:Core/Src/freertos.c ****   /* USER CODE BEGIN RTOS_MUTEX */
  91:Core/Src/freertos.c ****   /* add mutexes, ... */
  92:Core/Src/freertos.c ****   /* USER CODE END RTOS_MUTEX */
  93:Core/Src/freertos.c **** 
  94:Core/Src/freertos.c ****   /* USER CODE BEGIN RTOS_SEMAPHORES */
  95:Core/Src/freertos.c ****   /* add semaphores, ... */
  96:Core/Src/freertos.c ****   /* USER CODE END RTOS_SEMAPHORES */
  97:Core/Src/freertos.c **** 
  98:Core/Src/freertos.c ****   /* USER CODE BEGIN RTOS_TIMERS */
  99:Core/Src/freertos.c ****   /* start timers, add new ones, ... */
 100:Core/Src/freertos.c ****   /* USER CODE END RTOS_TIMERS */
 101:Core/Src/freertos.c **** 
 102:Core/Src/freertos.c ****   /* USER CODE BEGIN RTOS_QUEUES */
 103:Core/Src/freertos.c ****   /* add queues, ... */
 104:Core/Src/freertos.c ****   /* USER CODE END RTOS_QUEUES */
 105:Core/Src/freertos.c **** 
 106:Core/Src/freertos.c ****   /* Create the thread(s) */
 107:Core/Src/freertos.c ****   /* creation of initTask */
 108:Core/Src/freertos.c ****   initTaskHandle = osThreadNew(StartInitTask, NULL, &initTask_attributes);
 109:Core/Src/freertos.c **** 
 110:Core/Src/freertos.c ****   /* USER CODE BEGIN RTOS_THREADS */
 111:Core/Src/freertos.c ****   /* add threads, ... */
 112:Core/Src/freertos.c ****   /* USER CODE END RTOS_THREADS */
 113:Core/Src/freertos.c **** 
 114:Core/Src/freertos.c ****   /* USER CODE BEGIN RTOS_EVENTS */
 115:Core/Src/freertos.c ****   /* add events, ... */
 116:Core/Src/freertos.c ****   /* USER CODE END RTOS_EVENTS */
 117:Core/Src/freertos.c **** 
 118:Core/Src/freertos.c **** }
 119:Core/Src/freertos.c **** 
 120:Core/Src/freertos.c **** /* USER CODE BEGIN Header_StartInitTask */
 121:Core/Src/freertos.c **** /**
 122:Core/Src/freertos.c ****   * @brief  Function implementing the initTask thread.
 123:Core/Src/freertos.c ****   * @param  argument: Not used
 124:Core/Src/freertos.c ****   * @retval None
 125:Core/Src/freertos.c ****   */
 126:Core/Src/freertos.c **** /* USER CODE END Header_StartInitTask */
 127:Core/Src/freertos.c **** void StartInitTask(void *argument)
 128:Core/Src/freertos.c **** {
  30              		.loc 1 128 1 view -0
  31              		.cfi_startproc
  32              		@ Volatile: function does not return.
  33              		@ args = 0, pretend = 0, frame = 0
  34              		@ frame_needed = 0, uses_anonymous_args = 0
  35              		.loc 1 128 1 is_stmt 0 view .LVU1
  36 0000 08B5     		push	{r3, lr}
  37              	.LCFI0:
  38              		.cfi_def_cfa_offset 8
  39              		.cfi_offset 3, -8
  40              		.cfi_offset 14, -4
 129:Core/Src/freertos.c ****   /* init code for USB_DEVICE */
 130:Core/Src/freertos.c ****   MX_USB_DEVICE_Init();
  41              		.loc 1 130 3 is_stmt 1 view .LVU2
  42 0002 FFF7FEFF 		bl	MX_USB_DEVICE_Init
ARM GAS  C:\Users\晚风\AppData\Local\Temp\ccptNqzr.s 			page 4


  43              	.LVL1:
  44              	.L2:
 131:Core/Src/freertos.c ****   /* USER CODE BEGIN StartInitTask */
 132:Core/Src/freertos.c ****   /* Infinite loop */
 133:Core/Src/freertos.c ****   for(;;)
  45              		.loc 1 133 3 view .LVU3
 134:Core/Src/freertos.c ****   {
 135:Core/Src/freertos.c ****     osDelay(1);
  46              		.loc 1 135 5 discriminator 1 view .LVU4
  47 0006 0120     		movs	r0, #1
  48 0008 FFF7FEFF 		bl	osDelay
  49              	.LVL2:
 133:Core/Src/freertos.c ****   {
  50              		.loc 1 133 3 view .LVU5
  51 000c FBE7     		b	.L2
  52              		.cfi_endproc
  53              	.LFE246:
  55              		.section	.text.PreSleepProcessing,"ax",%progbits
  56              		.align	1
  57              		.weak	PreSleepProcessing
  58              		.syntax unified
  59              		.thumb
  60              		.thumb_func
  62              	PreSleepProcessing:
  63              	.LVL3:
  64              	.LFB243:
  70:Core/Src/freertos.c **** /* place for user code */
  65              		.loc 1 70 1 view -0
  66              		.cfi_startproc
  67              		@ args = 0, pretend = 0, frame = 0
  68              		@ frame_needed = 0, uses_anonymous_args = 0
  69              		@ link register save eliminated.
  72:Core/Src/freertos.c **** 
  70              		.loc 1 72 1 view .LVU7
  71 0000 7047     		bx	lr
  72              		.cfi_endproc
  73              	.LFE243:
  75              		.section	.text.PostSleepProcessing,"ax",%progbits
  76              		.align	1
  77              		.weak	PostSleepProcessing
  78              		.syntax unified
  79              		.thumb
  80              		.thumb_func
  82              	PostSleepProcessing:
  83              	.LVL4:
  84              	.LFB244:
  75:Core/Src/freertos.c **** /* place for user code */
  85              		.loc 1 75 1 view -0
  86              		.cfi_startproc
  87              		@ args = 0, pretend = 0, frame = 0
  88              		@ frame_needed = 0, uses_anonymous_args = 0
  89              		@ link register save eliminated.
  77:Core/Src/freertos.c **** /* USER CODE END PREPOSTSLEEP */
  90              		.loc 1 77 1 view .LVU9
  91 0000 7047     		bx	lr
  92              		.cfi_endproc
  93              	.LFE244:
ARM GAS  C:\Users\晚风\AppData\Local\Temp\ccptNqzr.s 			page 5


  95              		.section	.text.MX_FREERTOS_Init,"ax",%progbits
  96              		.align	1
  97              		.global	MX_FREERTOS_Init
  98              		.syntax unified
  99              		.thumb
 100              		.thumb_func
 102              	MX_FREERTOS_Init:
 103              	.LFB245:
  85:Core/Src/freertos.c ****   /* USER CODE BEGIN Init */
 104              		.loc 1 85 29 view -0
 105              		.cfi_startproc
 106              		@ args = 0, pretend = 0, frame = 0
 107              		@ frame_needed = 0, uses_anonymous_args = 0
 108 0000 08B5     		push	{r3, lr}
 109              	.LCFI1:
 110              		.cfi_def_cfa_offset 8
 111              		.cfi_offset 3, -8
 112              		.cfi_offset 14, -4
 108:Core/Src/freertos.c **** 
 113              		.loc 1 108 3 view .LVU11
 108:Core/Src/freertos.c **** 
 114              		.loc 1 108 20 is_stmt 0 view .LVU12
 115 0002 044A     		ldr	r2, .L8
 116 0004 0021     		movs	r1, #0
 117 0006 0448     		ldr	r0, .L8+4
 118 0008 FFF7FEFF 		bl	osThreadNew
 119              	.LVL5:
 108:Core/Src/freertos.c **** 
 120              		.loc 1 108 18 discriminator 1 view .LVU13
 121 000c 034B     		ldr	r3, .L8+8
 122 000e 1860     		str	r0, [r3]
 118:Core/Src/freertos.c **** 
 123              		.loc 1 118 1 view .LVU14
 124 0010 08BD     		pop	{r3, pc}
 125              	.L9:
 126 0012 00BF     		.align	2
 127              	.L8:
 128 0014 00000000 		.word	initTask_attributes
 129 0018 00000000 		.word	StartInitTask
 130 001c 00000000 		.word	initTaskHandle
 131              		.cfi_endproc
 132              	.LFE245:
 134              		.global	initTask_attributes
 135              		.section	.rodata.str1.4,"aMS",%progbits,1
 136              		.align	2
 137              	.LC0:
 138 0000 696E6974 		.ascii	"initTask\000"
 138      5461736B 
 138      00
 139              		.section	.rodata.initTask_attributes,"a"
 140              		.align	2
 143              	initTask_attributes:
 144 0000 00000000 		.word	.LC0
 145 0004 00000000 		.space	16
 145      00000000 
 145      00000000 
 145      00000000 
ARM GAS  C:\Users\晚风\AppData\Local\Temp\ccptNqzr.s 			page 6


 146 0014 00020000 		.word	512
 147 0018 18000000 		.word	24
 148 001c 00000000 		.space	8
 148      00000000 
 149              		.global	initTaskHandle
 150              		.section	.bss.initTaskHandle,"aw",%nobits
 151              		.align	2
 154              	initTaskHandle:
 155 0000 00000000 		.space	4
 156              		.text
 157              	.Letext0:
 158              		.file 2 "D:/Applications/arm-gnu-toolchain-13.2.Rel1-mingw-w64-i686-arm-none-eabi/arm-none-eabi/in
 159              		.file 3 "D:/Applications/arm-gnu-toolchain-13.2.Rel1-mingw-w64-i686-arm-none-eabi/arm-none-eabi/in
 160              		.file 4 "Middlewares/Third_Party/FreeRTOS/Source/CMSIS_RTOS_V2/cmsis_os2.h"
ARM GAS  C:\Users\晚风\AppData\Local\Temp\ccptNqzr.s 			page 7


DEFINED SYMBOLS
                            *ABS*:00000000 freertos.c
C:\Users\晚风\AppData\Local\Temp\ccptNqzr.s:21     .text.StartInitTask:00000000 $t
C:\Users\晚风\AppData\Local\Temp\ccptNqzr.s:27     .text.StartInitTask:00000000 StartInitTask
C:\Users\晚风\AppData\Local\Temp\ccptNqzr.s:56     .text.PreSleepProcessing:00000000 $t
C:\Users\晚风\AppData\Local\Temp\ccptNqzr.s:62     .text.PreSleepProcessing:00000000 PreSleepProcessing
C:\Users\晚风\AppData\Local\Temp\ccptNqzr.s:76     .text.PostSleepProcessing:00000000 $t
C:\Users\晚风\AppData\Local\Temp\ccptNqzr.s:82     .text.PostSleepProcessing:00000000 PostSleepProcessing
C:\Users\晚风\AppData\Local\Temp\ccptNqzr.s:96     .text.MX_FREERTOS_Init:00000000 $t
C:\Users\晚风\AppData\Local\Temp\ccptNqzr.s:102    .text.MX_FREERTOS_Init:00000000 MX_FREERTOS_Init
C:\Users\晚风\AppData\Local\Temp\ccptNqzr.s:128    .text.MX_FREERTOS_Init:00000014 $d
C:\Users\晚风\AppData\Local\Temp\ccptNqzr.s:143    .rodata.initTask_attributes:00000000 initTask_attributes
C:\Users\晚风\AppData\Local\Temp\ccptNqzr.s:154    .bss.initTaskHandle:00000000 initTaskHandle
C:\Users\晚风\AppData\Local\Temp\ccptNqzr.s:136    .rodata.str1.4:00000000 $d
C:\Users\晚风\AppData\Local\Temp\ccptNqzr.s:140    .rodata.initTask_attributes:00000000 $d
C:\Users\晚风\AppData\Local\Temp\ccptNqzr.s:151    .bss.initTaskHandle:00000000 $d

UNDEFINED SYMBOLS
MX_USB_DEVICE_Init
osDelay
osThreadNew
