ARM GAS  C:\Users\晚风\AppData\Local\Temp\ccEfz07a.s 			page 1


   1              		.cpu cortex-m4
   2              		.arch armv7e-m
   3              		.fpu fpv4-sp-d16
   4              		.eabi_attribute 27, 1
   5              		.eabi_attribute 28, 1
   6              		.eabi_attribute 20, 1
   7              		.eabi_attribute 21, 1
   8              		.eabi_attribute 23, 3
   9              		.eabi_attribute 24, 1
  10              		.eabi_attribute 25, 1
  11              		.eabi_attribute 26, 1
  12              		.eabi_attribute 30, 1
  13              		.eabi_attribute 34, 1
  14              		.eabi_attribute 18, 4
  15              		.file	"gpio.c"
  16              		.text
  17              	.Ltext0:
  18              		.cfi_sections	.debug_frame
  19              		.file 1 "Core/Src/gpio.c"
  20              		.section	.text.MX_GPIO_Init,"ax",%progbits
  21              		.align	1
  22              		.global	MX_GPIO_Init
  23              		.syntax unified
  24              		.thumb
  25              		.thumb_func
  27              	MX_GPIO_Init:
  28              	.LFB239:
   1:Core/Src/gpio.c **** /* USER CODE BEGIN Header */
   2:Core/Src/gpio.c **** /**
   3:Core/Src/gpio.c ****   ******************************************************************************
   4:Core/Src/gpio.c ****   * @file    gpio.c
   5:Core/Src/gpio.c ****   * @brief   This file provides code for the configuration
   6:Core/Src/gpio.c ****   *          of all used GPIO pins.
   7:Core/Src/gpio.c ****   ******************************************************************************
   8:Core/Src/gpio.c ****   * @attention
   9:Core/Src/gpio.c ****   *
  10:Core/Src/gpio.c ****   * Copyright (c) 2024 STMicroelectronics.
  11:Core/Src/gpio.c ****   * All rights reserved.
  12:Core/Src/gpio.c ****   *
  13:Core/Src/gpio.c ****   * This software is licensed under terms that can be found in the LICENSE file
  14:Core/Src/gpio.c ****   * in the root directory of this software component.
  15:Core/Src/gpio.c ****   * If no LICENSE file comes with this software, it is provided AS-IS.
  16:Core/Src/gpio.c ****   *
  17:Core/Src/gpio.c ****   ******************************************************************************
  18:Core/Src/gpio.c ****   */
  19:Core/Src/gpio.c **** /* USER CODE END Header */
  20:Core/Src/gpio.c **** 
  21:Core/Src/gpio.c **** /* Includes ------------------------------------------------------------------*/
  22:Core/Src/gpio.c **** #include "gpio.h"
  23:Core/Src/gpio.c **** 
  24:Core/Src/gpio.c **** /* USER CODE BEGIN 0 */
  25:Core/Src/gpio.c **** 
  26:Core/Src/gpio.c **** /* USER CODE END 0 */
  27:Core/Src/gpio.c **** 
  28:Core/Src/gpio.c **** /*----------------------------------------------------------------------------*/
  29:Core/Src/gpio.c **** /* Configure GPIO                                                             */
  30:Core/Src/gpio.c **** /*----------------------------------------------------------------------------*/
ARM GAS  C:\Users\晚风\AppData\Local\Temp\ccEfz07a.s 			page 2


  31:Core/Src/gpio.c **** /* USER CODE BEGIN 1 */
  32:Core/Src/gpio.c **** 
  33:Core/Src/gpio.c **** /* USER CODE END 1 */
  34:Core/Src/gpio.c **** 
  35:Core/Src/gpio.c **** /** Configure pins as
  36:Core/Src/gpio.c ****         * Analog
  37:Core/Src/gpio.c ****         * Input
  38:Core/Src/gpio.c ****         * Output
  39:Core/Src/gpio.c ****         * EVENT_OUT
  40:Core/Src/gpio.c ****         * EXTI
  41:Core/Src/gpio.c **** */
  42:Core/Src/gpio.c **** void MX_GPIO_Init(void)
  43:Core/Src/gpio.c **** {
  29              		.loc 1 43 1 view -0
  30              		.cfi_startproc
  31              		@ args = 0, pretend = 0, frame = 56
  32              		@ frame_needed = 0, uses_anonymous_args = 0
  33 0000 2DE9F043 		push	{r4, r5, r6, r7, r8, r9, lr}
  34              	.LCFI0:
  35              		.cfi_def_cfa_offset 28
  36              		.cfi_offset 4, -28
  37              		.cfi_offset 5, -24
  38              		.cfi_offset 6, -20
  39              		.cfi_offset 7, -16
  40              		.cfi_offset 8, -12
  41              		.cfi_offset 9, -8
  42              		.cfi_offset 14, -4
  43 0004 8FB0     		sub	sp, sp, #60
  44              	.LCFI1:
  45              		.cfi_def_cfa_offset 88
  44:Core/Src/gpio.c **** 
  45:Core/Src/gpio.c ****   GPIO_InitTypeDef GPIO_InitStruct = {0};
  46              		.loc 1 45 3 view .LVU1
  47              		.loc 1 45 20 is_stmt 0 view .LVU2
  48 0006 0024     		movs	r4, #0
  49 0008 0994     		str	r4, [sp, #36]
  50 000a 0A94     		str	r4, [sp, #40]
  51 000c 0B94     		str	r4, [sp, #44]
  52 000e 0C94     		str	r4, [sp, #48]
  53 0010 0D94     		str	r4, [sp, #52]
  46:Core/Src/gpio.c **** 
  47:Core/Src/gpio.c ****   /* GPIO Ports Clock Enable */
  48:Core/Src/gpio.c ****   __HAL_RCC_GPIOB_CLK_ENABLE();
  54              		.loc 1 48 3 is_stmt 1 view .LVU3
  55              	.LBB2:
  56              		.loc 1 48 3 view .LVU4
  57 0012 0094     		str	r4, [sp]
  58              		.loc 1 48 3 view .LVU5
  59 0014 6D4B     		ldr	r3, .L3
  60 0016 1A6B     		ldr	r2, [r3, #48]
  61 0018 42F00202 		orr	r2, r2, #2
  62 001c 1A63     		str	r2, [r3, #48]
  63              		.loc 1 48 3 view .LVU6
  64 001e 1A6B     		ldr	r2, [r3, #48]
  65 0020 02F00202 		and	r2, r2, #2
  66 0024 0092     		str	r2, [sp]
  67              		.loc 1 48 3 view .LVU7
ARM GAS  C:\Users\晚风\AppData\Local\Temp\ccEfz07a.s 			page 3


  68 0026 009A     		ldr	r2, [sp]
  69              	.LBE2:
  70              		.loc 1 48 3 view .LVU8
  49:Core/Src/gpio.c ****   __HAL_RCC_GPIOG_CLK_ENABLE();
  71              		.loc 1 49 3 view .LVU9
  72              	.LBB3:
  73              		.loc 1 49 3 view .LVU10
  74 0028 0194     		str	r4, [sp, #4]
  75              		.loc 1 49 3 view .LVU11
  76 002a 1A6B     		ldr	r2, [r3, #48]
  77 002c 42F04002 		orr	r2, r2, #64
  78 0030 1A63     		str	r2, [r3, #48]
  79              		.loc 1 49 3 view .LVU12
  80 0032 1A6B     		ldr	r2, [r3, #48]
  81 0034 02F04002 		and	r2, r2, #64
  82 0038 0192     		str	r2, [sp, #4]
  83              		.loc 1 49 3 view .LVU13
  84 003a 019A     		ldr	r2, [sp, #4]
  85              	.LBE3:
  86              		.loc 1 49 3 view .LVU14
  50:Core/Src/gpio.c ****   __HAL_RCC_GPIOA_CLK_ENABLE();
  87              		.loc 1 50 3 view .LVU15
  88              	.LBB4:
  89              		.loc 1 50 3 view .LVU16
  90 003c 0294     		str	r4, [sp, #8]
  91              		.loc 1 50 3 view .LVU17
  92 003e 1A6B     		ldr	r2, [r3, #48]
  93 0040 42F00102 		orr	r2, r2, #1
  94 0044 1A63     		str	r2, [r3, #48]
  95              		.loc 1 50 3 view .LVU18
  96 0046 1A6B     		ldr	r2, [r3, #48]
  97 0048 02F00102 		and	r2, r2, #1
  98 004c 0292     		str	r2, [sp, #8]
  99              		.loc 1 50 3 view .LVU19
 100 004e 029A     		ldr	r2, [sp, #8]
 101              	.LBE4:
 102              		.loc 1 50 3 view .LVU20
  51:Core/Src/gpio.c ****   __HAL_RCC_GPIOD_CLK_ENABLE();
 103              		.loc 1 51 3 view .LVU21
 104              	.LBB5:
 105              		.loc 1 51 3 view .LVU22
 106 0050 0394     		str	r4, [sp, #12]
 107              		.loc 1 51 3 view .LVU23
 108 0052 1A6B     		ldr	r2, [r3, #48]
 109 0054 42F00802 		orr	r2, r2, #8
 110 0058 1A63     		str	r2, [r3, #48]
 111              		.loc 1 51 3 view .LVU24
 112 005a 1A6B     		ldr	r2, [r3, #48]
 113 005c 02F00802 		and	r2, r2, #8
 114 0060 0392     		str	r2, [sp, #12]
 115              		.loc 1 51 3 view .LVU25
 116 0062 039A     		ldr	r2, [sp, #12]
 117              	.LBE5:
 118              		.loc 1 51 3 view .LVU26
  52:Core/Src/gpio.c ****   __HAL_RCC_GPIOC_CLK_ENABLE();
 119              		.loc 1 52 3 view .LVU27
 120              	.LBB6:
ARM GAS  C:\Users\晚风\AppData\Local\Temp\ccEfz07a.s 			page 4


 121              		.loc 1 52 3 view .LVU28
 122 0064 0494     		str	r4, [sp, #16]
 123              		.loc 1 52 3 view .LVU29
 124 0066 1A6B     		ldr	r2, [r3, #48]
 125 0068 42F00402 		orr	r2, r2, #4
 126 006c 1A63     		str	r2, [r3, #48]
 127              		.loc 1 52 3 view .LVU30
 128 006e 1A6B     		ldr	r2, [r3, #48]
 129 0070 02F00402 		and	r2, r2, #4
 130 0074 0492     		str	r2, [sp, #16]
 131              		.loc 1 52 3 view .LVU31
 132 0076 049A     		ldr	r2, [sp, #16]
 133              	.LBE6:
 134              		.loc 1 52 3 view .LVU32
  53:Core/Src/gpio.c ****   __HAL_RCC_GPIOI_CLK_ENABLE();
 135              		.loc 1 53 3 view .LVU33
 136              	.LBB7:
 137              		.loc 1 53 3 view .LVU34
 138 0078 0594     		str	r4, [sp, #20]
 139              		.loc 1 53 3 view .LVU35
 140 007a 1A6B     		ldr	r2, [r3, #48]
 141 007c 42F48072 		orr	r2, r2, #256
 142 0080 1A63     		str	r2, [r3, #48]
 143              		.loc 1 53 3 view .LVU36
 144 0082 1A6B     		ldr	r2, [r3, #48]
 145 0084 02F48072 		and	r2, r2, #256
 146 0088 0592     		str	r2, [sp, #20]
 147              		.loc 1 53 3 view .LVU37
 148 008a 059A     		ldr	r2, [sp, #20]
 149              	.LBE7:
 150              		.loc 1 53 3 view .LVU38
  54:Core/Src/gpio.c ****   __HAL_RCC_GPIOH_CLK_ENABLE();
 151              		.loc 1 54 3 view .LVU39
 152              	.LBB8:
 153              		.loc 1 54 3 view .LVU40
 154 008c 0694     		str	r4, [sp, #24]
 155              		.loc 1 54 3 view .LVU41
 156 008e 1A6B     		ldr	r2, [r3, #48]
 157 0090 42F08002 		orr	r2, r2, #128
 158 0094 1A63     		str	r2, [r3, #48]
 159              		.loc 1 54 3 view .LVU42
 160 0096 1A6B     		ldr	r2, [r3, #48]
 161 0098 02F08002 		and	r2, r2, #128
 162 009c 0692     		str	r2, [sp, #24]
 163              		.loc 1 54 3 view .LVU43
 164 009e 069A     		ldr	r2, [sp, #24]
 165              	.LBE8:
 166              		.loc 1 54 3 view .LVU44
  55:Core/Src/gpio.c ****   __HAL_RCC_GPIOF_CLK_ENABLE();
 167              		.loc 1 55 3 view .LVU45
 168              	.LBB9:
 169              		.loc 1 55 3 view .LVU46
 170 00a0 0794     		str	r4, [sp, #28]
 171              		.loc 1 55 3 view .LVU47
 172 00a2 1A6B     		ldr	r2, [r3, #48]
 173 00a4 42F02002 		orr	r2, r2, #32
 174 00a8 1A63     		str	r2, [r3, #48]
ARM GAS  C:\Users\晚风\AppData\Local\Temp\ccEfz07a.s 			page 5


 175              		.loc 1 55 3 view .LVU48
 176 00aa 1A6B     		ldr	r2, [r3, #48]
 177 00ac 02F02002 		and	r2, r2, #32
 178 00b0 0792     		str	r2, [sp, #28]
 179              		.loc 1 55 3 view .LVU49
 180 00b2 079A     		ldr	r2, [sp, #28]
 181              	.LBE9:
 182              		.loc 1 55 3 view .LVU50
  56:Core/Src/gpio.c ****   __HAL_RCC_GPIOE_CLK_ENABLE();
 183              		.loc 1 56 3 view .LVU51
 184              	.LBB10:
 185              		.loc 1 56 3 view .LVU52
 186 00b4 0894     		str	r4, [sp, #32]
 187              		.loc 1 56 3 view .LVU53
 188 00b6 1A6B     		ldr	r2, [r3, #48]
 189 00b8 42F01002 		orr	r2, r2, #16
 190 00bc 1A63     		str	r2, [r3, #48]
 191              		.loc 1 56 3 view .LVU54
 192 00be 1B6B     		ldr	r3, [r3, #48]
 193 00c0 03F01003 		and	r3, r3, #16
 194 00c4 0893     		str	r3, [sp, #32]
 195              		.loc 1 56 3 view .LVU55
 196 00c6 089B     		ldr	r3, [sp, #32]
 197              	.LBE10:
 198              		.loc 1 56 3 view .LVU56
  57:Core/Src/gpio.c **** 
  58:Core/Src/gpio.c ****   /*Configure GPIO pin Output Level */
  59:Core/Src/gpio.c ****   HAL_GPIO_WritePin(RSTN_GPIO_Port, RSTN_Pin, GPIO_PIN_SET);
 199              		.loc 1 59 3 view .LVU57
 200 00c8 414F     		ldr	r7, .L3+4
 201 00ca 0122     		movs	r2, #1
 202 00cc 4021     		movs	r1, #64
 203 00ce 3846     		mov	r0, r7
 204 00d0 FFF7FEFF 		bl	HAL_GPIO_WritePin
 205              	.LVL0:
  60:Core/Src/gpio.c **** 
  61:Core/Src/gpio.c ****   /*Configure GPIO pin Output Level */
  62:Core/Src/gpio.c ****   HAL_GPIO_WritePin(GPIOH, LED_R_Pin|LED_G_Pin|LED_B_Pin, GPIO_PIN_RESET);
 206              		.loc 1 62 3 view .LVU58
 207 00d4 DFF80491 		ldr	r9, .L3+16
 208 00d8 2246     		mov	r2, r4
 209 00da 4FF4E051 		mov	r1, #7168
 210 00de 4846     		mov	r0, r9
 211 00e0 FFF7FEFF 		bl	HAL_GPIO_WritePin
 212              	.LVL1:
  63:Core/Src/gpio.c **** 
  64:Core/Src/gpio.c ****   /*Configure GPIO pin Output Level */
  65:Core/Src/gpio.c ****   HAL_GPIO_WritePin(CS_GYRO_GPIO_Port, CS_GYRO_Pin, GPIO_PIN_SET);
 213              		.loc 1 65 3 view .LVU59
 214 00e4 3B4E     		ldr	r6, .L3+8
 215 00e6 0122     		movs	r2, #1
 216 00e8 1021     		movs	r1, #16
 217 00ea 3046     		mov	r0, r6
 218 00ec FFF7FEFF 		bl	HAL_GPIO_WritePin
 219              	.LVL2:
  66:Core/Src/gpio.c **** 
  67:Core/Src/gpio.c ****   /*Configure GPIO pin Output Level */
ARM GAS  C:\Users\晚风\AppData\Local\Temp\ccEfz07a.s 			page 6


  68:Core/Src/gpio.c ****   HAL_GPIO_WritePin(CS_ACCEL_GPIO_Port, CS_ACCEL_Pin, GPIO_PIN_SET);
 220              		.loc 1 68 3 view .LVU60
 221 00f0 DFF8EC80 		ldr	r8, .L3+20
 222 00f4 0122     		movs	r2, #1
 223 00f6 1146     		mov	r1, r2
 224 00f8 4046     		mov	r0, r8
 225 00fa FFF7FEFF 		bl	HAL_GPIO_WritePin
 226              	.LVL3:
  69:Core/Src/gpio.c **** 
  70:Core/Src/gpio.c ****   /*Configure GPIO pin : PtPin */
  71:Core/Src/gpio.c ****   GPIO_InitStruct.Pin = RSTN_Pin;
 227              		.loc 1 71 3 view .LVU61
 228              		.loc 1 71 23 is_stmt 0 view .LVU62
 229 00fe 4023     		movs	r3, #64
 230 0100 0993     		str	r3, [sp, #36]
  72:Core/Src/gpio.c ****   GPIO_InitStruct.Mode = GPIO_MODE_OUTPUT_PP;
 231              		.loc 1 72 3 is_stmt 1 view .LVU63
 232              		.loc 1 72 24 is_stmt 0 view .LVU64
 233 0102 0125     		movs	r5, #1
 234 0104 0A95     		str	r5, [sp, #40]
  73:Core/Src/gpio.c ****   GPIO_InitStruct.Pull = GPIO_PULLUP;
 235              		.loc 1 73 3 is_stmt 1 view .LVU65
 236              		.loc 1 73 24 is_stmt 0 view .LVU66
 237 0106 0B95     		str	r5, [sp, #44]
  74:Core/Src/gpio.c ****   GPIO_InitStruct.Speed = GPIO_SPEED_FREQ_MEDIUM;
 238              		.loc 1 74 3 is_stmt 1 view .LVU67
 239              		.loc 1 74 25 is_stmt 0 view .LVU68
 240 0108 0C95     		str	r5, [sp, #48]
  75:Core/Src/gpio.c ****   HAL_GPIO_Init(RSTN_GPIO_Port, &GPIO_InitStruct);
 241              		.loc 1 75 3 is_stmt 1 view .LVU69
 242 010a 09A9     		add	r1, sp, #36
 243 010c 3846     		mov	r0, r7
 244 010e FFF7FEFF 		bl	HAL_GPIO_Init
 245              	.LVL4:
  76:Core/Src/gpio.c **** 
  77:Core/Src/gpio.c ****   /*Configure GPIO pins : PHPin PHPin PHPin */
  78:Core/Src/gpio.c ****   GPIO_InitStruct.Pin = LED_R_Pin|LED_G_Pin|LED_B_Pin;
 246              		.loc 1 78 3 view .LVU70
 247              		.loc 1 78 23 is_stmt 0 view .LVU71
 248 0112 4FF4E053 		mov	r3, #7168
 249 0116 0993     		str	r3, [sp, #36]
  79:Core/Src/gpio.c ****   GPIO_InitStruct.Mode = GPIO_MODE_OUTPUT_PP;
 250              		.loc 1 79 3 is_stmt 1 view .LVU72
 251              		.loc 1 79 24 is_stmt 0 view .LVU73
 252 0118 0A95     		str	r5, [sp, #40]
  80:Core/Src/gpio.c ****   GPIO_InitStruct.Pull = GPIO_NOPULL;
 253              		.loc 1 80 3 is_stmt 1 view .LVU74
 254              		.loc 1 80 24 is_stmt 0 view .LVU75
 255 011a 0B94     		str	r4, [sp, #44]
  81:Core/Src/gpio.c ****   GPIO_InitStruct.Speed = GPIO_SPEED_FREQ_LOW;
 256              		.loc 1 81 3 is_stmt 1 view .LVU76
 257              		.loc 1 81 25 is_stmt 0 view .LVU77
 258 011c 0C94     		str	r4, [sp, #48]
  82:Core/Src/gpio.c ****   HAL_GPIO_Init(GPIOH, &GPIO_InitStruct);
 259              		.loc 1 82 3 is_stmt 1 view .LVU78
 260 011e 09A9     		add	r1, sp, #36
 261 0120 4846     		mov	r0, r9
ARM GAS  C:\Users\晚风\AppData\Local\Temp\ccEfz07a.s 			page 7


 262 0122 FFF7FEFF 		bl	HAL_GPIO_Init
 263              	.LVL5:
  83:Core/Src/gpio.c **** 
  84:Core/Src/gpio.c ****   /*Configure GPIO pin : PtPin */
  85:Core/Src/gpio.c ****   GPIO_InitStruct.Pin = DRDY_Pin;
 264              		.loc 1 85 3 view .LVU79
 265              		.loc 1 85 23 is_stmt 0 view .LVU80
 266 0126 0823     		movs	r3, #8
 267 0128 0993     		str	r3, [sp, #36]
  86:Core/Src/gpio.c ****   GPIO_InitStruct.Mode = GPIO_MODE_IT_FALLING;
 268              		.loc 1 86 3 is_stmt 1 view .LVU81
 269              		.loc 1 86 24 is_stmt 0 view .LVU82
 270 012a 4FF40419 		mov	r9, #2162688
 271 012e CDF82890 		str	r9, [sp, #40]
  87:Core/Src/gpio.c ****   GPIO_InitStruct.Pull = GPIO_PULLUP;
 272              		.loc 1 87 3 is_stmt 1 view .LVU83
 273              		.loc 1 87 24 is_stmt 0 view .LVU84
 274 0132 0B95     		str	r5, [sp, #44]
  88:Core/Src/gpio.c ****   HAL_GPIO_Init(DRDY_GPIO_Port, &GPIO_InitStruct);
 275              		.loc 1 88 3 is_stmt 1 view .LVU85
 276 0134 09A9     		add	r1, sp, #36
 277 0136 3846     		mov	r0, r7
 278 0138 FFF7FEFF 		bl	HAL_GPIO_Init
 279              	.LVL6:
  89:Core/Src/gpio.c **** 
  90:Core/Src/gpio.c ****   /*Configure GPIO pin : PtPin */
  91:Core/Src/gpio.c ****   GPIO_InitStruct.Pin = USER_KEY_Pin;
 280              		.loc 1 91 3 view .LVU86
 281              		.loc 1 91 23 is_stmt 0 view .LVU87
 282 013c 0995     		str	r5, [sp, #36]
  92:Core/Src/gpio.c ****   GPIO_InitStruct.Mode = GPIO_MODE_IT_FALLING;
 283              		.loc 1 92 3 is_stmt 1 view .LVU88
 284              		.loc 1 92 24 is_stmt 0 view .LVU89
 285 013e CDF82890 		str	r9, [sp, #40]
  93:Core/Src/gpio.c ****   GPIO_InitStruct.Pull = GPIO_PULLUP;
 286              		.loc 1 93 3 is_stmt 1 view .LVU90
 287              		.loc 1 93 24 is_stmt 0 view .LVU91
 288 0142 0B95     		str	r5, [sp, #44]
  94:Core/Src/gpio.c ****   HAL_GPIO_Init(USER_KEY_GPIO_Port, &GPIO_InitStruct);
 289              		.loc 1 94 3 is_stmt 1 view .LVU92
 290 0144 09A9     		add	r1, sp, #36
 291 0146 3046     		mov	r0, r6
 292 0148 FFF7FEFF 		bl	HAL_GPIO_Init
 293              	.LVL7:
  95:Core/Src/gpio.c **** 
  96:Core/Src/gpio.c ****   /*Configure GPIO pin : PtPin */
  97:Core/Src/gpio.c ****   GPIO_InitStruct.Pin = CS_GYRO_Pin;
 294              		.loc 1 97 3 view .LVU93
 295              		.loc 1 97 23 is_stmt 0 view .LVU94
 296 014c 1023     		movs	r3, #16
 297 014e 0993     		str	r3, [sp, #36]
  98:Core/Src/gpio.c ****   GPIO_InitStruct.Mode = GPIO_MODE_OUTPUT_PP;
 298              		.loc 1 98 3 is_stmt 1 view .LVU95
 299              		.loc 1 98 24 is_stmt 0 view .LVU96
 300 0150 0A95     		str	r5, [sp, #40]
  99:Core/Src/gpio.c ****   GPIO_InitStruct.Pull = GPIO_PULLUP;
 301              		.loc 1 99 3 is_stmt 1 view .LVU97
ARM GAS  C:\Users\晚风\AppData\Local\Temp\ccEfz07a.s 			page 8


 302              		.loc 1 99 24 is_stmt 0 view .LVU98
 303 0152 0B95     		str	r5, [sp, #44]
 100:Core/Src/gpio.c ****   GPIO_InitStruct.Speed = GPIO_SPEED_FREQ_VERY_HIGH;
 304              		.loc 1 100 3 is_stmt 1 view .LVU99
 305              		.loc 1 100 25 is_stmt 0 view .LVU100
 306 0154 0327     		movs	r7, #3
 307 0156 0C97     		str	r7, [sp, #48]
 101:Core/Src/gpio.c ****   HAL_GPIO_Init(CS_GYRO_GPIO_Port, &GPIO_InitStruct);
 308              		.loc 1 101 3 is_stmt 1 view .LVU101
 309 0158 09A9     		add	r1, sp, #36
 310 015a 3046     		mov	r0, r6
 311 015c FFF7FEFF 		bl	HAL_GPIO_Init
 312              	.LVL8:
 102:Core/Src/gpio.c **** 
 103:Core/Src/gpio.c ****   /*Configure GPIO pins : PCPin PCPin */
 104:Core/Src/gpio.c ****   GPIO_InitStruct.Pin = INT_ACCEL_Pin|INT_GYRO_Pin;
 313              		.loc 1 104 3 view .LVU102
 314              		.loc 1 104 23 is_stmt 0 view .LVU103
 315 0160 3023     		movs	r3, #48
 316 0162 0993     		str	r3, [sp, #36]
 105:Core/Src/gpio.c ****   GPIO_InitStruct.Mode = GPIO_MODE_IT_RISING;
 317              		.loc 1 105 3 is_stmt 1 view .LVU104
 318              		.loc 1 105 24 is_stmt 0 view .LVU105
 319 0164 4FF48813 		mov	r3, #1114112
 320 0168 0A93     		str	r3, [sp, #40]
 106:Core/Src/gpio.c ****   GPIO_InitStruct.Pull = GPIO_NOPULL;
 321              		.loc 1 106 3 is_stmt 1 view .LVU106
 322              		.loc 1 106 24 is_stmt 0 view .LVU107
 323 016a 0B94     		str	r4, [sp, #44]
 107:Core/Src/gpio.c ****   HAL_GPIO_Init(GPIOC, &GPIO_InitStruct);
 324              		.loc 1 107 3 is_stmt 1 view .LVU108
 325 016c 09A9     		add	r1, sp, #36
 326 016e 1A48     		ldr	r0, .L3+12
 327 0170 FFF7FEFF 		bl	HAL_GPIO_Init
 328              	.LVL9:
 108:Core/Src/gpio.c **** 
 109:Core/Src/gpio.c ****   /*Configure GPIO pin : PtPin */
 110:Core/Src/gpio.c ****   GPIO_InitStruct.Pin = CS_ACCEL_Pin;
 329              		.loc 1 110 3 view .LVU109
 330              		.loc 1 110 23 is_stmt 0 view .LVU110
 331 0174 0995     		str	r5, [sp, #36]
 111:Core/Src/gpio.c ****   GPIO_InitStruct.Mode = GPIO_MODE_OUTPUT_PP;
 332              		.loc 1 111 3 is_stmt 1 view .LVU111
 333              		.loc 1 111 24 is_stmt 0 view .LVU112
 334 0176 0A95     		str	r5, [sp, #40]
 112:Core/Src/gpio.c ****   GPIO_InitStruct.Pull = GPIO_PULLUP;
 335              		.loc 1 112 3 is_stmt 1 view .LVU113
 336              		.loc 1 112 24 is_stmt 0 view .LVU114
 337 0178 0B95     		str	r5, [sp, #44]
 113:Core/Src/gpio.c ****   GPIO_InitStruct.Speed = GPIO_SPEED_FREQ_VERY_HIGH;
 338              		.loc 1 113 3 is_stmt 1 view .LVU115
 339              		.loc 1 113 25 is_stmt 0 view .LVU116
 340 017a 0C97     		str	r7, [sp, #48]
 114:Core/Src/gpio.c ****   HAL_GPIO_Init(CS_ACCEL_GPIO_Port, &GPIO_InitStruct);
 341              		.loc 1 114 3 is_stmt 1 view .LVU117
 342 017c 09A9     		add	r1, sp, #36
 343 017e 4046     		mov	r0, r8
ARM GAS  C:\Users\晚风\AppData\Local\Temp\ccEfz07a.s 			page 9


 344 0180 FFF7FEFF 		bl	HAL_GPIO_Init
 345              	.LVL10:
 115:Core/Src/gpio.c **** 
 116:Core/Src/gpio.c ****   /* EXTI interrupt init*/
 117:Core/Src/gpio.c ****   HAL_NVIC_SetPriority(EXTI0_IRQn, 5, 0);
 346              		.loc 1 117 3 view .LVU118
 347 0184 2246     		mov	r2, r4
 348 0186 0521     		movs	r1, #5
 349 0188 0620     		movs	r0, #6
 350 018a FFF7FEFF 		bl	HAL_NVIC_SetPriority
 351              	.LVL11:
 118:Core/Src/gpio.c ****   HAL_NVIC_EnableIRQ(EXTI0_IRQn);
 352              		.loc 1 118 3 view .LVU119
 353 018e 0620     		movs	r0, #6
 354 0190 FFF7FEFF 		bl	HAL_NVIC_EnableIRQ
 355              	.LVL12:
 119:Core/Src/gpio.c **** 
 120:Core/Src/gpio.c ****   HAL_NVIC_SetPriority(EXTI3_IRQn, 5, 0);
 356              		.loc 1 120 3 view .LVU120
 357 0194 2246     		mov	r2, r4
 358 0196 0521     		movs	r1, #5
 359 0198 0920     		movs	r0, #9
 360 019a FFF7FEFF 		bl	HAL_NVIC_SetPriority
 361              	.LVL13:
 121:Core/Src/gpio.c ****   HAL_NVIC_EnableIRQ(EXTI3_IRQn);
 362              		.loc 1 121 3 view .LVU121
 363 019e 0920     		movs	r0, #9
 364 01a0 FFF7FEFF 		bl	HAL_NVIC_EnableIRQ
 365              	.LVL14:
 122:Core/Src/gpio.c **** 
 123:Core/Src/gpio.c ****   HAL_NVIC_SetPriority(EXTI4_IRQn, 5, 0);
 366              		.loc 1 123 3 view .LVU122
 367 01a4 2246     		mov	r2, r4
 368 01a6 0521     		movs	r1, #5
 369 01a8 0A20     		movs	r0, #10
 370 01aa FFF7FEFF 		bl	HAL_NVIC_SetPriority
 371              	.LVL15:
 124:Core/Src/gpio.c ****   HAL_NVIC_EnableIRQ(EXTI4_IRQn);
 372              		.loc 1 124 3 view .LVU123
 373 01ae 0A20     		movs	r0, #10
 374 01b0 FFF7FEFF 		bl	HAL_NVIC_EnableIRQ
 375              	.LVL16:
 125:Core/Src/gpio.c **** 
 126:Core/Src/gpio.c ****   HAL_NVIC_SetPriority(EXTI9_5_IRQn, 5, 0);
 376              		.loc 1 126 3 view .LVU124
 377 01b4 2246     		mov	r2, r4
 378 01b6 0521     		movs	r1, #5
 379 01b8 1720     		movs	r0, #23
 380 01ba FFF7FEFF 		bl	HAL_NVIC_SetPriority
 381              	.LVL17:
 127:Core/Src/gpio.c ****   HAL_NVIC_EnableIRQ(EXTI9_5_IRQn);
 382              		.loc 1 127 3 view .LVU125
 383 01be 1720     		movs	r0, #23
 384 01c0 FFF7FEFF 		bl	HAL_NVIC_EnableIRQ
 385              	.LVL18:
 128:Core/Src/gpio.c **** 
 129:Core/Src/gpio.c **** }
ARM GAS  C:\Users\晚风\AppData\Local\Temp\ccEfz07a.s 			page 10


 386              		.loc 1 129 1 is_stmt 0 view .LVU126
 387 01c4 0FB0     		add	sp, sp, #60
 388              	.LCFI2:
 389              		.cfi_def_cfa_offset 28
 390              		@ sp needed
 391 01c6 BDE8F083 		pop	{r4, r5, r6, r7, r8, r9, pc}
 392              	.L4:
 393 01ca 00BF     		.align	2
 394              	.L3:
 395 01cc 00380240 		.word	1073887232
 396 01d0 00180240 		.word	1073879040
 397 01d4 00000240 		.word	1073872896
 398 01d8 00080240 		.word	1073874944
 399 01dc 001C0240 		.word	1073880064
 400 01e0 00040240 		.word	1073873920
 401              		.cfi_endproc
 402              	.LFE239:
 404              		.text
 405              	.Letext0:
 406              		.file 2 "Drivers/CMSIS/Device/ST/STM32F4xx/Include/stm32f407xx.h"
 407              		.file 3 "D:/Applications/arm-gnu-toolchain-13.2.Rel1-mingw-w64-i686-arm-none-eabi/arm-none-eabi/in
 408              		.file 4 "D:/Applications/arm-gnu-toolchain-13.2.Rel1-mingw-w64-i686-arm-none-eabi/arm-none-eabi/in
 409              		.file 5 "Drivers/STM32F4xx_HAL_Driver/Inc/stm32f4xx_hal_gpio.h"
 410              		.file 6 "Drivers/STM32F4xx_HAL_Driver/Inc/stm32f4xx_hal_cortex.h"
ARM GAS  C:\Users\晚风\AppData\Local\Temp\ccEfz07a.s 			page 11


DEFINED SYMBOLS
                            *ABS*:00000000 gpio.c
C:\Users\晚风\AppData\Local\Temp\ccEfz07a.s:21     .text.MX_GPIO_Init:00000000 $t
C:\Users\晚风\AppData\Local\Temp\ccEfz07a.s:27     .text.MX_GPIO_Init:00000000 MX_GPIO_Init
C:\Users\晚风\AppData\Local\Temp\ccEfz07a.s:395    .text.MX_GPIO_Init:000001cc $d

UNDEFINED SYMBOLS
HAL_GPIO_WritePin
HAL_GPIO_Init
HAL_NVIC_SetPriority
HAL_NVIC_EnableIRQ
